2018-08-10 09:08:49 INFO org.springframework.context.support.AbstractApplicationContext:590 - Refreshing org.springframework.boot.web.servlet.context.AnnotationConfigServletWebServerApplicationContext@7d20d0b: startup date [Fri Aug 10 09:08:49 CST 2018]; root of context hierarchy
2018-08-10 09:08:51 INFO org.springframework.boot.web.embedded.tomcat.TomcatWebServer:91 - Tomcat initialized with port(s): 443 (https) 80 (http)
2018-08-10 09:08:51 INFO org.springframework.boot.web.servlet.context.ServletWebServerApplicationContext:285 - Root WebApplicationContext: initialization completed in 2040 ms
2018-08-10 09:08:51 INFO org.springframework.boot.web.servlet.ServletRegistrationBean:187 - Servlet dispatcherServlet mapped to [/]
2018-08-10 09:08:51 INFO org.springframework.boot.web.servlet.AbstractFilterRegistrationBean:245 - Mapping filter: 'characterEncodingFilter' to: [/*]
2018-08-10 09:08:51 INFO org.springframework.boot.web.servlet.AbstractFilterRegistrationBean:245 - Mapping filter: 'hiddenHttpMethodFilter' to: [/*]
2018-08-10 09:08:51 INFO org.springframework.boot.web.servlet.AbstractFilterRegistrationBean:245 - Mapping filter: 'httpPutFormContentFilter' to: [/*]
2018-08-10 09:08:51 INFO org.springframework.boot.web.servlet.AbstractFilterRegistrationBean:245 - Mapping filter: 'requestContextFilter' to: [/*]
2018-08-10 09:08:51 INFO org.springframework.boot.web.servlet.AbstractFilterRegistrationBean:245 - Mapping filter: 'resourceUrlEncodingFilter' to: [/*]
2018-08-10 09:08:52 INFO org.springframework.web.servlet.handler.AbstractUrlHandlerMapping:373 - Mapped URL path [/**/favicon.ico] onto handler of type [class org.springframework.web.servlet.resource.ResourceHttpRequestHandler]
2018-08-10 09:08:52 INFO org.springframework.web.servlet.mvc.method.annotation.RequestMappingHandlerAdapter:574 - Looking for @ControllerAdvice: org.springframework.boot.web.servlet.context.AnnotationConfigServletWebServerApplicationContext@7d20d0b: startup date [Fri Aug 10 09:08:49 CST 2018]; root of context hierarchy
2018-08-10 09:08:52 INFO org.springframework.web.servlet.handler.AbstractHandlerMethodMapping$MappingRegistry:547 - Mapped "{[/index]}" onto public org.springframework.web.servlet.ModelAndView net.weizhiyin.base.controller.LoginController.login()
2018-08-10 09:08:52 INFO org.springframework.web.servlet.handler.AbstractHandlerMethodMapping$MappingRegistry:547 - Mapped "{[/error]}" onto public org.springframework.http.ResponseEntity<java.util.Map<java.lang.String, java.lang.Object>> org.springframework.boot.autoconfigure.web.servlet.error.BasicErrorController.error(javax.servlet.http.HttpServletRequest)
2018-08-10 09:08:52 INFO org.springframework.web.servlet.handler.AbstractHandlerMethodMapping$MappingRegistry:547 - Mapped "{[/error],produces=[text/html]}" onto public org.springframework.web.servlet.ModelAndView org.springframework.boot.autoconfigure.web.servlet.error.BasicErrorController.errorHtml(javax.servlet.http.HttpServletRequest,javax.servlet.http.HttpServletResponse)
2018-08-10 09:08:52 INFO org.springframework.web.servlet.handler.AbstractUrlHandlerMapping:373 - Mapped URL path [/webjars/**] onto handler of type [class org.springframework.web.servlet.resource.ResourceHttpRequestHandler]
2018-08-10 09:08:52 INFO org.springframework.web.servlet.handler.AbstractUrlHandlerMapping:373 - Mapped URL path [/**] onto handler of type [class org.springframework.web.servlet.resource.ResourceHttpRequestHandler]
2018-08-10 09:08:52 INFO org.springframework.web.servlet.handler.AbstractUrlHandlerMapping:373 - Mapped URL path [/templates/**] onto handler of type [class org.springframework.web.servlet.resource.ResourceHttpRequestHandler]
2018-08-10 09:08:52 INFO org.springframework.web.servlet.handler.AbstractUrlHandlerMapping:373 - Mapped URL path [/static/**] onto handler of type [class org.springframework.web.servlet.resource.ResourceHttpRequestHandler]
2018-08-10 09:08:52 INFO org.springframework.web.servlet.mvc.method.annotation.ExceptionHandlerExceptionResolver:288 - Detected @ExceptionHandler methods in myRestControllerAdvice
2018-08-10 09:08:53 INFO org.springframework.jmx.export.MBeanExporter:433 - Registering beans for JMX exposure on startup
2018-08-10 09:08:53 INFO org.springframework.jmx.export.MBeanExporter:895 - Bean with name 'dataSource' has been autodetected for JMX exposure
2018-08-10 09:08:53 INFO org.springframework.jmx.export.MBeanExporter:668 - Located MBean 'dataSource': registering with JMX server as MBean [com.alibaba.druid.pool:name=dataSource,type=DruidDataSource]
2018-08-10 09:08:53 INFO org.springframework.boot.web.embedded.tomcat.TomcatWebServer:206 - Tomcat started on port(s): 443 (https) 80 (http) with context path ''
2018-08-10 09:13:32 INFO org.springframework.context.support.AbstractApplicationContext:590 - Refreshing org.springframework.boot.web.servlet.context.AnnotationConfigServletWebServerApplicationContext@7c9d8e2: startup date [Fri Aug 10 09:13:32 CST 2018]; root of context hierarchy
2018-08-10 09:13:33 INFO org.springframework.boot.web.embedded.tomcat.TomcatWebServer:91 - Tomcat initialized with port(s): 443 (https) 80 (http)
2018-08-10 09:13:34 INFO org.springframework.boot.web.servlet.context.ServletWebServerApplicationContext:285 - Root WebApplicationContext: initialization completed in 1568 ms
2018-08-10 09:13:34 INFO org.springframework.boot.web.servlet.ServletRegistrationBean:187 - Servlet dispatcherServlet mapped to [/]
2018-08-10 09:13:34 INFO org.springframework.boot.web.servlet.AbstractFilterRegistrationBean:245 - Mapping filter: 'characterEncodingFilter' to: [/*]
2018-08-10 09:13:34 INFO org.springframework.boot.web.servlet.AbstractFilterRegistrationBean:245 - Mapping filter: 'hiddenHttpMethodFilter' to: [/*]
2018-08-10 09:13:34 INFO org.springframework.boot.web.servlet.AbstractFilterRegistrationBean:245 - Mapping filter: 'httpPutFormContentFilter' to: [/*]
2018-08-10 09:13:34 INFO org.springframework.boot.web.servlet.AbstractFilterRegistrationBean:245 - Mapping filter: 'requestContextFilter' to: [/*]
2018-08-10 09:13:34 INFO org.springframework.boot.web.servlet.AbstractFilterRegistrationBean:245 - Mapping filter: 'resourceUrlEncodingFilter' to: [/*]
2018-08-10 09:13:34 INFO org.springframework.web.servlet.handler.AbstractUrlHandlerMapping:373 - Mapped URL path [/**/favicon.ico] onto handler of type [class org.springframework.web.servlet.resource.ResourceHttpRequestHandler]
2018-08-10 09:13:34 INFO org.springframework.web.servlet.mvc.method.annotation.RequestMappingHandlerAdapter:574 - Looking for @ControllerAdvice: org.springframework.boot.web.servlet.context.AnnotationConfigServletWebServerApplicationContext@7c9d8e2: startup date [Fri Aug 10 09:13:32 CST 2018]; root of context hierarchy
2018-08-10 09:13:34 INFO org.springframework.web.servlet.handler.AbstractHandlerMethodMapping$MappingRegistry:547 - Mapped "{[/]}" onto public org.springframework.web.servlet.ModelAndView net.weizhiyin.base.controller.LoginController.login()
2018-08-10 09:13:34 INFO org.springframework.web.servlet.handler.AbstractHandlerMethodMapping$MappingRegistry:547 - Mapped "{[/error]}" onto public org.springframework.http.ResponseEntity<java.util.Map<java.lang.String, java.lang.Object>> org.springframework.boot.autoconfigure.web.servlet.error.BasicErrorController.error(javax.servlet.http.HttpServletRequest)
2018-08-10 09:13:34 INFO org.springframework.web.servlet.handler.AbstractHandlerMethodMapping$MappingRegistry:547 - Mapped "{[/error],produces=[text/html]}" onto public org.springframework.web.servlet.ModelAndView org.springframework.boot.autoconfigure.web.servlet.error.BasicErrorController.errorHtml(javax.servlet.http.HttpServletRequest,javax.servlet.http.HttpServletResponse)
2018-08-10 09:13:34 INFO org.springframework.web.servlet.handler.AbstractUrlHandlerMapping:373 - Mapped URL path [/webjars/**] onto handler of type [class org.springframework.web.servlet.resource.ResourceHttpRequestHandler]
2018-08-10 09:13:34 INFO org.springframework.web.servlet.handler.AbstractUrlHandlerMapping:373 - Mapped URL path [/**] onto handler of type [class org.springframework.web.servlet.resource.ResourceHttpRequestHandler]
2018-08-10 09:13:34 INFO org.springframework.web.servlet.handler.AbstractUrlHandlerMapping:373 - Mapped URL path [/templates/**] onto handler of type [class org.springframework.web.servlet.resource.ResourceHttpRequestHandler]
2018-08-10 09:13:34 INFO org.springframework.web.servlet.handler.AbstractUrlHandlerMapping:373 - Mapped URL path [/static/**] onto handler of type [class org.springframework.web.servlet.resource.ResourceHttpRequestHandler]
2018-08-10 09:13:34 INFO org.springframework.web.servlet.mvc.method.annotation.ExceptionHandlerExceptionResolver:288 - Detected @ExceptionHandler methods in myRestControllerAdvice
2018-08-10 09:13:35 INFO org.springframework.jmx.export.MBeanExporter:433 - Registering beans for JMX exposure on startup
2018-08-10 09:13:35 INFO org.springframework.jmx.export.MBeanExporter:895 - Bean with name 'dataSource' has been autodetected for JMX exposure
2018-08-10 09:13:35 INFO org.springframework.jmx.export.MBeanExporter:668 - Located MBean 'dataSource': registering with JMX server as MBean [com.alibaba.druid.pool:name=dataSource,type=DruidDataSource]
2018-08-10 09:13:35 INFO org.springframework.boot.web.embedded.tomcat.TomcatWebServer:206 - Tomcat started on port(s): 443 (https) 80 (http) with context path ''
2018-08-10 09:13:47 INFO org.springframework.web.servlet.FrameworkServlet:494 - FrameworkServlet 'dispatcherServlet': initialization started
2018-08-10 09:13:47 INFO org.springframework.web.servlet.FrameworkServlet:509 - FrameworkServlet 'dispatcherServlet': initialization completed in 25 ms
2018-08-10 09:16:04 INFO org.springframework.context.support.AbstractApplicationContext:590 - Refreshing org.springframework.boot.web.servlet.context.AnnotationConfigServletWebServerApplicationContext@710f4dc7: startup date [Fri Aug 10 09:16:04 CST 2018]; root of context hierarchy
2018-08-10 09:16:06 INFO org.springframework.boot.web.embedded.tomcat.TomcatWebServer:91 - Tomcat initialized with port(s): 443 (https) 80 (http)
2018-08-10 09:16:06 INFO org.springframework.boot.web.servlet.context.ServletWebServerApplicationContext:285 - Root WebApplicationContext: initialization completed in 1796 ms
2018-08-10 09:16:06 INFO org.springframework.boot.web.servlet.ServletRegistrationBean:187 - Servlet dispatcherServlet mapped to [/]
2018-08-10 09:16:06 INFO org.springframework.boot.web.servlet.AbstractFilterRegistrationBean:245 - Mapping filter: 'characterEncodingFilter' to: [/*]
2018-08-10 09:16:06 INFO org.springframework.boot.web.servlet.AbstractFilterRegistrationBean:245 - Mapping filter: 'hiddenHttpMethodFilter' to: [/*]
2018-08-10 09:16:06 INFO org.springframework.boot.web.servlet.AbstractFilterRegistrationBean:245 - Mapping filter: 'httpPutFormContentFilter' to: [/*]
2018-08-10 09:16:06 INFO org.springframework.boot.web.servlet.AbstractFilterRegistrationBean:245 - Mapping filter: 'requestContextFilter' to: [/*]
2018-08-10 09:16:06 INFO org.springframework.boot.web.servlet.AbstractFilterRegistrationBean:245 - Mapping filter: 'resourceUrlEncodingFilter' to: [/*]
2018-08-10 09:16:07 INFO org.springframework.web.servlet.handler.AbstractUrlHandlerMapping:373 - Mapped URL path [/**/favicon.ico] onto handler of type [class org.springframework.web.servlet.resource.ResourceHttpRequestHandler]
2018-08-10 09:16:07 INFO org.springframework.web.servlet.mvc.method.annotation.RequestMappingHandlerAdapter:574 - Looking for @ControllerAdvice: org.springframework.boot.web.servlet.context.AnnotationConfigServletWebServerApplicationContext@710f4dc7: startup date [Fri Aug 10 09:16:04 CST 2018]; root of context hierarchy
2018-08-10 09:16:07 INFO org.springframework.web.servlet.handler.AbstractHandlerMethodMapping$MappingRegistry:547 - Mapped "{[/]}" onto public org.springframework.web.servlet.ModelAndView net.weizhiyin.base.controller.LoginController.login()
2018-08-10 09:16:07 INFO org.springframework.web.servlet.handler.AbstractHandlerMethodMapping$MappingRegistry:547 - Mapped "{[/error]}" onto public org.springframework.http.ResponseEntity<java.util.Map<java.lang.String, java.lang.Object>> org.springframework.boot.autoconfigure.web.servlet.error.BasicErrorController.error(javax.servlet.http.HttpServletRequest)
2018-08-10 09:16:07 INFO org.springframework.web.servlet.handler.AbstractHandlerMethodMapping$MappingRegistry:547 - Mapped "{[/error],produces=[text/html]}" onto public org.springframework.web.servlet.ModelAndView org.springframework.boot.autoconfigure.web.servlet.error.BasicErrorController.errorHtml(javax.servlet.http.HttpServletRequest,javax.servlet.http.HttpServletResponse)
2018-08-10 09:16:07 INFO org.springframework.web.servlet.handler.AbstractUrlHandlerMapping:373 - Mapped URL path [/webjars/**] onto handler of type [class org.springframework.web.servlet.resource.ResourceHttpRequestHandler]
2018-08-10 09:16:07 INFO org.springframework.web.servlet.handler.AbstractUrlHandlerMapping:373 - Mapped URL path [/**] onto handler of type [class org.springframework.web.servlet.resource.ResourceHttpRequestHandler]
2018-08-10 09:16:07 INFO org.springframework.web.servlet.handler.AbstractUrlHandlerMapping:373 - Mapped URL path [/templates/**] onto handler of type [class org.springframework.web.servlet.resource.ResourceHttpRequestHandler]
2018-08-10 09:16:07 INFO org.springframework.web.servlet.handler.AbstractUrlHandlerMapping:373 - Mapped URL path [/static/**] onto handler of type [class org.springframework.web.servlet.resource.ResourceHttpRequestHandler]
2018-08-10 09:16:07 INFO org.springframework.web.servlet.mvc.method.annotation.ExceptionHandlerExceptionResolver:288 - Detected @ExceptionHandler methods in myRestControllerAdvice
2018-08-10 09:16:07 INFO org.springframework.jmx.export.MBeanExporter:433 - Registering beans for JMX exposure on startup
2018-08-10 09:16:07 INFO org.springframework.jmx.export.MBeanExporter:895 - Bean with name 'dataSource' has been autodetected for JMX exposure
2018-08-10 09:16:07 INFO org.springframework.jmx.export.MBeanExporter:668 - Located MBean 'dataSource': registering with JMX server as MBean [com.alibaba.druid.pool:name=dataSource,type=DruidDataSource]
2018-08-10 09:16:08 INFO org.springframework.boot.web.embedded.tomcat.TomcatWebServer:206 - Tomcat started on port(s): 443 (https) 80 (http) with context path ''
2018-08-10 09:16:16 INFO org.springframework.web.servlet.FrameworkServlet:494 - FrameworkServlet 'dispatcherServlet': initialization started
2018-08-10 09:16:16 INFO org.springframework.web.servlet.FrameworkServlet:509 - FrameworkServlet 'dispatcherServlet': initialization completed in 19 ms
2018-08-10 09:23:32 INFO org.springframework.context.support.AbstractApplicationContext:590 - Refreshing org.springframework.boot.web.servlet.context.AnnotationConfigServletWebServerApplicationContext@7d8704ef: startup date [Fri Aug 10 09:23:32 CST 2018]; root of context hierarchy
2018-08-10 09:23:34 INFO org.springframework.boot.web.embedded.tomcat.TomcatWebServer:91 - Tomcat initialized with port(s): 443 (https) 80 (http)
2018-08-10 09:23:34 INFO org.springframework.boot.web.servlet.context.ServletWebServerApplicationContext:285 - Root WebApplicationContext: initialization completed in 2086 ms
2018-08-10 09:23:34 INFO org.springframework.boot.web.servlet.ServletRegistrationBean:187 - Servlet dispatcherServlet mapped to [/]
2018-08-10 09:23:34 INFO org.springframework.boot.web.servlet.AbstractFilterRegistrationBean:245 - Mapping filter: 'characterEncodingFilter' to: [/*]
2018-08-10 09:23:34 INFO org.springframework.boot.web.servlet.AbstractFilterRegistrationBean:245 - Mapping filter: 'hiddenHttpMethodFilter' to: [/*]
2018-08-10 09:23:34 INFO org.springframework.boot.web.servlet.AbstractFilterRegistrationBean:245 - Mapping filter: 'httpPutFormContentFilter' to: [/*]
2018-08-10 09:23:34 INFO org.springframework.boot.web.servlet.AbstractFilterRegistrationBean:245 - Mapping filter: 'requestContextFilter' to: [/*]
2018-08-10 09:23:34 INFO org.springframework.boot.web.servlet.AbstractFilterRegistrationBean:245 - Mapping filter: 'resourceUrlEncodingFilter' to: [/*]
2018-08-10 09:23:35 INFO org.springframework.web.servlet.handler.AbstractUrlHandlerMapping:373 - Mapped URL path [/**/favicon.ico] onto handler of type [class org.springframework.web.servlet.resource.ResourceHttpRequestHandler]
2018-08-10 09:23:35 INFO org.springframework.web.servlet.mvc.method.annotation.RequestMappingHandlerAdapter:574 - Looking for @ControllerAdvice: org.springframework.boot.web.servlet.context.AnnotationConfigServletWebServerApplicationContext@7d8704ef: startup date [Fri Aug 10 09:23:32 CST 2018]; root of context hierarchy
2018-08-10 09:23:35 INFO org.springframework.web.servlet.handler.AbstractHandlerMethodMapping$MappingRegistry:547 - Mapped "{[/]}" onto public org.springframework.web.servlet.ModelAndView net.weizhiyin.base.controller.LoginController.login()
2018-08-10 09:23:35 INFO org.springframework.web.servlet.handler.AbstractHandlerMethodMapping$MappingRegistry:547 - Mapped "{[/error]}" onto public org.springframework.http.ResponseEntity<java.util.Map<java.lang.String, java.lang.Object>> org.springframework.boot.autoconfigure.web.servlet.error.BasicErrorController.error(javax.servlet.http.HttpServletRequest)
2018-08-10 09:23:35 INFO org.springframework.web.servlet.handler.AbstractHandlerMethodMapping$MappingRegistry:547 - Mapped "{[/error],produces=[text/html]}" onto public org.springframework.web.servlet.ModelAndView org.springframework.boot.autoconfigure.web.servlet.error.BasicErrorController.errorHtml(javax.servlet.http.HttpServletRequest,javax.servlet.http.HttpServletResponse)
2018-08-10 09:23:35 INFO org.springframework.web.servlet.handler.AbstractUrlHandlerMapping:373 - Mapped URL path [/webjars/**] onto handler of type [class org.springframework.web.servlet.resource.ResourceHttpRequestHandler]
2018-08-10 09:23:35 INFO org.springframework.web.servlet.handler.AbstractUrlHandlerMapping:373 - Mapped URL path [/**] onto handler of type [class org.springframework.web.servlet.resource.ResourceHttpRequestHandler]
2018-08-10 09:23:35 INFO org.springframework.web.servlet.handler.AbstractUrlHandlerMapping:373 - Mapped URL path [/templates/**] onto handler of type [class org.springframework.web.servlet.resource.ResourceHttpRequestHandler]
2018-08-10 09:23:35 INFO org.springframework.web.servlet.handler.AbstractUrlHandlerMapping:373 - Mapped URL path [/static/**] onto handler of type [class org.springframework.web.servlet.resource.ResourceHttpRequestHandler]
2018-08-10 09:23:35 INFO org.springframework.web.servlet.mvc.method.annotation.ExceptionHandlerExceptionResolver:288 - Detected @ExceptionHandler methods in myRestControllerAdvice
2018-08-10 09:23:35 INFO org.springframework.jmx.export.MBeanExporter:433 - Registering beans for JMX exposure on startup
2018-08-10 09:23:35 INFO org.springframework.jmx.export.MBeanExporter:895 - Bean with name 'dataSource' has been autodetected for JMX exposure
2018-08-10 09:23:35 INFO org.springframework.jmx.export.MBeanExporter:668 - Located MBean 'dataSource': registering with JMX server as MBean [com.alibaba.druid.pool:name=dataSource,type=DruidDataSource]
2018-08-10 09:23:36 INFO org.springframework.boot.web.embedded.tomcat.TomcatWebServer:206 - Tomcat started on port(s): 443 (https) 80 (http) with context path ''
2018-08-10 09:54:42 INFO org.springframework.context.support.AbstractApplicationContext:590 - Refreshing org.springframework.boot.web.servlet.context.AnnotationConfigServletWebServerApplicationContext@38afe297: startup date [Fri Aug 10 09:54:42 CST 2018]; root of context hierarchy
2018-08-10 09:54:44 INFO org.springframework.boot.web.embedded.tomcat.TomcatWebServer:91 - Tomcat initialized with port(s): 443 (https) 80 (http)
2018-08-10 09:54:44 INFO org.springframework.boot.web.servlet.context.ServletWebServerApplicationContext:285 - Root WebApplicationContext: initialization completed in 1630 ms
2018-08-10 09:54:44 INFO org.springframework.boot.web.servlet.ServletRegistrationBean:187 - Servlet dispatcherServlet mapped to [/]
2018-08-10 09:54:44 INFO org.springframework.boot.web.servlet.AbstractFilterRegistrationBean:245 - Mapping filter: 'characterEncodingFilter' to: [/*]
2018-08-10 09:54:44 INFO org.springframework.boot.web.servlet.AbstractFilterRegistrationBean:245 - Mapping filter: 'hiddenHttpMethodFilter' to: [/*]
2018-08-10 09:54:44 INFO org.springframework.boot.web.servlet.AbstractFilterRegistrationBean:245 - Mapping filter: 'httpPutFormContentFilter' to: [/*]
2018-08-10 09:54:44 INFO org.springframework.boot.web.servlet.AbstractFilterRegistrationBean:245 - Mapping filter: 'requestContextFilter' to: [/*]
2018-08-10 09:54:44 INFO org.springframework.boot.web.servlet.AbstractFilterRegistrationBean:245 - Mapping filter: 'resourceUrlEncodingFilter' to: [/*]
2018-08-10 09:54:44 INFO org.springframework.web.servlet.handler.AbstractUrlHandlerMapping:373 - Mapped URL path [/**/favicon.ico] onto handler of type [class org.springframework.web.servlet.resource.ResourceHttpRequestHandler]
2018-08-10 09:54:45 INFO org.springframework.web.servlet.mvc.method.annotation.RequestMappingHandlerAdapter:574 - Looking for @ControllerAdvice: org.springframework.boot.web.servlet.context.AnnotationConfigServletWebServerApplicationContext@38afe297: startup date [Fri Aug 10 09:54:42 CST 2018]; root of context hierarchy
2018-08-10 09:54:45 INFO org.springframework.web.servlet.handler.AbstractHandlerMethodMapping$MappingRegistry:547 - Mapped "{[/]}" onto public org.springframework.web.servlet.ModelAndView net.weizhiyin.base.controller.LoginController.login()
2018-08-10 09:54:45 INFO org.springframework.web.servlet.handler.AbstractHandlerMethodMapping$MappingRegistry:547 - Mapped "{[/sysfile/getFile]}" onto public void net.weizhiyin.base.controller.SysfileController.filePath(net.weizhiyin.base.entity.Sysfile,javax.servlet.http.HttpServletRequest,javax.servlet.http.HttpServletResponse,java.lang.Boolean) throws java.io.IOException
2018-08-10 09:54:45 INFO org.springframework.web.servlet.handler.AbstractHandlerMethodMapping$MappingRegistry:547 - Mapped "{[/sysfile/upload]}" onto public net.weizhiyin.base.entity.Sysfile net.weizhiyin.base.controller.SysfileController.upload(org.springframework.web.multipart.MultipartFile) throws java.io.IOException
2018-08-10 09:54:45 INFO org.springframework.web.servlet.handler.AbstractHandlerMethodMapping$MappingRegistry:547 - Mapped "{[/sysfile/downloadFile]}" onto public void net.weizhiyin.base.controller.SysfileController.downloadFile(java.lang.String,java.lang.String,javax.servlet.http.HttpServletRequest,javax.servlet.http.HttpServletResponse) throws java.io.IOException
2018-08-10 09:54:45 INFO org.springframework.web.servlet.handler.AbstractHandlerMethodMapping$MappingRegistry:547 - Mapped "{[/error]}" onto public org.springframework.http.ResponseEntity<java.util.Map<java.lang.String, java.lang.Object>> org.springframework.boot.autoconfigure.web.servlet.error.BasicErrorController.error(javax.servlet.http.HttpServletRequest)
2018-08-10 09:54:45 INFO org.springframework.web.servlet.handler.AbstractHandlerMethodMapping$MappingRegistry:547 - Mapped "{[/error],produces=[text/html]}" onto public org.springframework.web.servlet.ModelAndView org.springframework.boot.autoconfigure.web.servlet.error.BasicErrorController.errorHtml(javax.servlet.http.HttpServletRequest,javax.servlet.http.HttpServletResponse)
2018-08-10 09:54:45 INFO org.springframework.web.servlet.handler.AbstractUrlHandlerMapping:373 - Mapped URL path [/webjars/**] onto handler of type [class org.springframework.web.servlet.resource.ResourceHttpRequestHandler]
2018-08-10 09:54:45 INFO org.springframework.web.servlet.handler.AbstractUrlHandlerMapping:373 - Mapped URL path [/**] onto handler of type [class org.springframework.web.servlet.resource.ResourceHttpRequestHandler]
2018-08-10 09:54:45 INFO org.springframework.web.servlet.handler.AbstractUrlHandlerMapping:373 - Mapped URL path [/templates/**] onto handler of type [class org.springframework.web.servlet.resource.ResourceHttpRequestHandler]
2018-08-10 09:54:45 INFO org.springframework.web.servlet.handler.AbstractUrlHandlerMapping:373 - Mapped URL path [/static/**] onto handler of type [class org.springframework.web.servlet.resource.ResourceHttpRequestHandler]
2018-08-10 09:54:45 INFO org.springframework.web.servlet.mvc.method.annotation.ExceptionHandlerExceptionResolver:288 - Detected @ExceptionHandler methods in myRestControllerAdvice
2018-08-10 09:54:45 INFO org.springframework.jmx.export.MBeanExporter:433 - Registering beans for JMX exposure on startup
2018-08-10 09:54:45 INFO org.springframework.jmx.export.MBeanExporter:895 - Bean with name 'dataSource' has been autodetected for JMX exposure
2018-08-10 09:54:45 INFO org.springframework.jmx.export.MBeanExporter:668 - Located MBean 'dataSource': registering with JMX server as MBean [com.alibaba.druid.pool:name=dataSource,type=DruidDataSource]
2018-08-10 09:54:45 INFO org.springframework.boot.web.embedded.tomcat.TomcatWebServer:206 - Tomcat started on port(s): 443 (https) 80 (http) with context path ''
2018-08-10 09:54:56 INFO org.springframework.web.servlet.FrameworkServlet:494 - FrameworkServlet 'dispatcherServlet': initialization started
2018-08-10 09:54:56 INFO org.springframework.web.servlet.FrameworkServlet:509 - FrameworkServlet 'dispatcherServlet': initialization completed in 18 ms
2018-08-10 10:04:16 INFO org.springframework.context.support.AbstractApplicationContext:590 - Refreshing org.springframework.boot.web.servlet.context.AnnotationConfigServletWebServerApplicationContext@2c7b5824: startup date [Fri Aug 10 10:04:16 CST 2018]; root of context hierarchy
2018-08-10 10:04:18 INFO org.springframework.boot.web.embedded.tomcat.TomcatWebServer:91 - Tomcat initialized with port(s): 443 (https) 80 (http)
2018-08-10 10:04:18 INFO org.springframework.boot.web.servlet.context.ServletWebServerApplicationContext:285 - Root WebApplicationContext: initialization completed in 1541 ms
2018-08-10 10:04:18 INFO org.springframework.boot.web.servlet.ServletRegistrationBean:187 - Servlet dispatcherServlet mapped to [/]
2018-08-10 10:04:18 INFO org.springframework.boot.web.servlet.AbstractFilterRegistrationBean:245 - Mapping filter: 'characterEncodingFilter' to: [/*]
2018-08-10 10:04:18 INFO org.springframework.boot.web.servlet.AbstractFilterRegistrationBean:245 - Mapping filter: 'hiddenHttpMethodFilter' to: [/*]
2018-08-10 10:04:18 INFO org.springframework.boot.web.servlet.AbstractFilterRegistrationBean:245 - Mapping filter: 'httpPutFormContentFilter' to: [/*]
2018-08-10 10:04:18 INFO org.springframework.boot.web.servlet.AbstractFilterRegistrationBean:245 - Mapping filter: 'requestContextFilter' to: [/*]
2018-08-10 10:04:18 INFO org.springframework.boot.web.servlet.AbstractFilterRegistrationBean:245 - Mapping filter: 'resourceUrlEncodingFilter' to: [/*]
2018-08-10 10:04:19 INFO org.springframework.web.servlet.handler.AbstractUrlHandlerMapping:373 - Mapped URL path [/**/favicon.ico] onto handler of type [class org.springframework.web.servlet.resource.ResourceHttpRequestHandler]
2018-08-10 10:04:19 INFO org.springframework.web.servlet.mvc.method.annotation.RequestMappingHandlerAdapter:574 - Looking for @ControllerAdvice: org.springframework.boot.web.servlet.context.AnnotationConfigServletWebServerApplicationContext@2c7b5824: startup date [Fri Aug 10 10:04:16 CST 2018]; root of context hierarchy
2018-08-10 10:04:19 INFO org.springframework.web.servlet.handler.AbstractHandlerMethodMapping$MappingRegistry:547 - Mapped "{[/]}" onto public org.springframework.web.servlet.ModelAndView net.weizhiyin.base.controller.LoginController.login()
2018-08-10 10:04:19 INFO org.springframework.web.servlet.handler.AbstractHandlerMethodMapping$MappingRegistry:547 - Mapped "{[/sysfile/getFile]}" onto public void net.weizhiyin.base.controller.SysfileController.filePath(net.weizhiyin.base.entity.Sysfile,javax.servlet.http.HttpServletRequest,javax.servlet.http.HttpServletResponse,java.lang.Boolean) throws java.io.IOException
2018-08-10 10:04:19 INFO org.springframework.web.servlet.handler.AbstractHandlerMethodMapping$MappingRegistry:547 - Mapped "{[/sysfile/downloadFile]}" onto public void net.weizhiyin.base.controller.SysfileController.downloadFile(java.lang.String,java.lang.String,javax.servlet.http.HttpServletRequest,javax.servlet.http.HttpServletResponse) throws java.io.IOException
2018-08-10 10:04:19 INFO org.springframework.web.servlet.handler.AbstractHandlerMethodMapping$MappingRegistry:547 - Mapped "{[/sysfile/upload]}" onto public net.weizhiyin.base.entity.Sysfile net.weizhiyin.base.controller.SysfileController.upload(org.springframework.web.multipart.MultipartFile) throws java.io.IOException
2018-08-10 10:04:19 INFO org.springframework.web.servlet.handler.AbstractHandlerMethodMapping$MappingRegistry:547 - Mapped "{[/error]}" onto public org.springframework.http.ResponseEntity<java.util.Map<java.lang.String, java.lang.Object>> org.springframework.boot.autoconfigure.web.servlet.error.BasicErrorController.error(javax.servlet.http.HttpServletRequest)
2018-08-10 10:04:19 INFO org.springframework.web.servlet.handler.AbstractHandlerMethodMapping$MappingRegistry:547 - Mapped "{[/error],produces=[text/html]}" onto public org.springframework.web.servlet.ModelAndView org.springframework.boot.autoconfigure.web.servlet.error.BasicErrorController.errorHtml(javax.servlet.http.HttpServletRequest,javax.servlet.http.HttpServletResponse)
2018-08-10 10:04:19 INFO org.springframework.web.servlet.handler.AbstractUrlHandlerMapping:373 - Mapped URL path [/webjars/**] onto handler of type [class org.springframework.web.servlet.resource.ResourceHttpRequestHandler]
2018-08-10 10:04:19 INFO org.springframework.web.servlet.handler.AbstractUrlHandlerMapping:373 - Mapped URL path [/**] onto handler of type [class org.springframework.web.servlet.resource.ResourceHttpRequestHandler]
2018-08-10 10:04:19 INFO org.springframework.web.servlet.handler.AbstractUrlHandlerMapping:373 - Mapped URL path [/templates/**] onto handler of type [class org.springframework.web.servlet.resource.ResourceHttpRequestHandler]
2018-08-10 10:04:19 INFO org.springframework.web.servlet.handler.AbstractUrlHandlerMapping:373 - Mapped URL path [/static/**] onto handler of type [class org.springframework.web.servlet.resource.ResourceHttpRequestHandler]
2018-08-10 10:04:19 INFO org.springframework.web.servlet.mvc.method.annotation.ExceptionHandlerExceptionResolver:288 - Detected @ExceptionHandler methods in myRestControllerAdvice
2018-08-10 10:04:20 INFO org.springframework.jmx.export.MBeanExporter:433 - Registering beans for JMX exposure on startup
2018-08-10 10:04:20 INFO org.springframework.jmx.export.MBeanExporter:895 - Bean with name 'dataSource' has been autodetected for JMX exposure
2018-08-10 10:04:20 INFO org.springframework.jmx.export.MBeanExporter:668 - Located MBean 'dataSource': registering with JMX server as MBean [com.alibaba.druid.pool:name=dataSource,type=DruidDataSource]
2018-08-10 10:04:20 INFO org.springframework.boot.web.embedded.tomcat.TomcatWebServer:206 - Tomcat started on port(s): 443 (https) 80 (http) with context path ''
2018-08-10 10:04:26 INFO org.springframework.web.servlet.FrameworkServlet:494 - FrameworkServlet 'dispatcherServlet': initialization started
2018-08-10 10:04:26 INFO org.springframework.web.servlet.FrameworkServlet:509 - FrameworkServlet 'dispatcherServlet': initialization completed in 23 ms
2018-08-10 10:06:51 INFO org.springframework.context.support.AbstractApplicationContext:590 - Refreshing org.springframework.boot.web.servlet.context.AnnotationConfigServletWebServerApplicationContext@c0c2f8d: startup date [Fri Aug 10 10:06:51 CST 2018]; root of context hierarchy
2018-08-10 10:06:53 INFO org.springframework.boot.web.embedded.tomcat.TomcatWebServer:91 - Tomcat initialized with port(s): 443 (https) 80 (http)
2018-08-10 10:06:53 INFO org.springframework.boot.web.servlet.context.ServletWebServerApplicationContext:285 - Root WebApplicationContext: initialization completed in 2007 ms
2018-08-10 10:06:53 INFO org.springframework.boot.web.servlet.ServletRegistrationBean:187 - Servlet dispatcherServlet mapped to [/]
2018-08-10 10:06:53 INFO org.springframework.boot.web.servlet.AbstractFilterRegistrationBean:245 - Mapping filter: 'characterEncodingFilter' to: [/*]
2018-08-10 10:06:53 INFO org.springframework.boot.web.servlet.AbstractFilterRegistrationBean:245 - Mapping filter: 'hiddenHttpMethodFilter' to: [/*]
2018-08-10 10:06:53 INFO org.springframework.boot.web.servlet.AbstractFilterRegistrationBean:245 - Mapping filter: 'httpPutFormContentFilter' to: [/*]
2018-08-10 10:06:53 INFO org.springframework.boot.web.servlet.AbstractFilterRegistrationBean:245 - Mapping filter: 'requestContextFilter' to: [/*]
2018-08-10 10:06:53 INFO org.springframework.boot.web.servlet.AbstractFilterRegistrationBean:245 - Mapping filter: 'resourceUrlEncodingFilter' to: [/*]
2018-08-10 10:06:53 INFO org.springframework.web.servlet.handler.AbstractUrlHandlerMapping:373 - Mapped URL path [/**/favicon.ico] onto handler of type [class org.springframework.web.servlet.resource.ResourceHttpRequestHandler]
2018-08-10 10:06:54 INFO org.springframework.web.servlet.mvc.method.annotation.RequestMappingHandlerAdapter:574 - Looking for @ControllerAdvice: org.springframework.boot.web.servlet.context.AnnotationConfigServletWebServerApplicationContext@c0c2f8d: startup date [Fri Aug 10 10:06:51 CST 2018]; root of context hierarchy
2018-08-10 10:06:54 INFO org.springframework.web.servlet.handler.AbstractHandlerMethodMapping$MappingRegistry:547 - Mapped "{[/]}" onto public org.springframework.web.servlet.ModelAndView net.weizhiyin.base.controller.LoginController.login()
2018-08-10 10:06:54 INFO org.springframework.web.servlet.handler.AbstractHandlerMethodMapping$MappingRegistry:547 - Mapped "{[/sysfile/getFile]}" onto public void net.weizhiyin.base.controller.SysfileController.filePath(net.weizhiyin.base.entity.Sysfile,javax.servlet.http.HttpServletRequest,javax.servlet.http.HttpServletResponse,java.lang.Boolean) throws java.io.IOException
2018-08-10 10:06:54 INFO org.springframework.web.servlet.handler.AbstractHandlerMethodMapping$MappingRegistry:547 - Mapped "{[/sysfile/downloadFile]}" onto public void net.weizhiyin.base.controller.SysfileController.downloadFile(java.lang.String,java.lang.String,javax.servlet.http.HttpServletRequest,javax.servlet.http.HttpServletResponse) throws java.io.IOException
2018-08-10 10:06:54 INFO org.springframework.web.servlet.handler.AbstractHandlerMethodMapping$MappingRegistry:547 - Mapped "{[/sysfile/upload]}" onto public net.weizhiyin.base.entity.Sysfile net.weizhiyin.base.controller.SysfileController.upload(org.springframework.web.multipart.MultipartFile) throws java.io.IOException
2018-08-10 10:06:54 INFO org.springframework.web.servlet.handler.AbstractHandlerMethodMapping$MappingRegistry:547 - Mapped "{[/error]}" onto public org.springframework.http.ResponseEntity<java.util.Map<java.lang.String, java.lang.Object>> org.springframework.boot.autoconfigure.web.servlet.error.BasicErrorController.error(javax.servlet.http.HttpServletRequest)
2018-08-10 10:06:54 INFO org.springframework.web.servlet.handler.AbstractHandlerMethodMapping$MappingRegistry:547 - Mapped "{[/error],produces=[text/html]}" onto public org.springframework.web.servlet.ModelAndView org.springframework.boot.autoconfigure.web.servlet.error.BasicErrorController.errorHtml(javax.servlet.http.HttpServletRequest,javax.servlet.http.HttpServletResponse)
2018-08-10 10:06:54 INFO org.springframework.web.servlet.handler.AbstractUrlHandlerMapping:373 - Mapped URL path [/webjars/**] onto handler of type [class org.springframework.web.servlet.resource.ResourceHttpRequestHandler]
2018-08-10 10:06:54 INFO org.springframework.web.servlet.handler.AbstractUrlHandlerMapping:373 - Mapped URL path [/**] onto handler of type [class org.springframework.web.servlet.resource.ResourceHttpRequestHandler]
2018-08-10 10:06:54 INFO org.springframework.web.servlet.handler.AbstractUrlHandlerMapping:373 - Mapped URL path [/templates/**] onto handler of type [class org.springframework.web.servlet.resource.ResourceHttpRequestHandler]
2018-08-10 10:06:54 INFO org.springframework.web.servlet.handler.AbstractUrlHandlerMapping:373 - Mapped URL path [/static/**] onto handler of type [class org.springframework.web.servlet.resource.ResourceHttpRequestHandler]
2018-08-10 10:06:54 INFO org.springframework.web.servlet.mvc.method.annotation.ExceptionHandlerExceptionResolver:288 - Detected @ExceptionHandler methods in myRestControllerAdvice
2018-08-10 10:06:54 INFO org.springframework.jmx.export.MBeanExporter:433 - Registering beans for JMX exposure on startup
2018-08-10 10:06:54 INFO org.springframework.jmx.export.MBeanExporter:895 - Bean with name 'dataSource' has been autodetected for JMX exposure
2018-08-10 10:06:54 INFO org.springframework.jmx.export.MBeanExporter:668 - Located MBean 'dataSource': registering with JMX server as MBean [com.alibaba.druid.pool:name=dataSource,type=DruidDataSource]
2018-08-10 10:06:54 INFO org.springframework.boot.web.embedded.tomcat.TomcatWebServer:206 - Tomcat started on port(s): 443 (https) 80 (http) with context path ''
2018-08-10 10:06:58 INFO org.springframework.web.servlet.FrameworkServlet:494 - FrameworkServlet 'dispatcherServlet': initialization started
2018-08-10 10:06:58 INFO org.springframework.web.servlet.FrameworkServlet:509 - FrameworkServlet 'dispatcherServlet': initialization completed in 19 ms
2018-08-10 10:07:33 INFO org.springframework.context.support.AbstractApplicationContext:590 - Refreshing org.springframework.boot.web.servlet.context.AnnotationConfigServletWebServerApplicationContext@5e5d171f: startup date [Fri Aug 10 10:07:33 CST 2018]; root of context hierarchy
2018-08-10 10:07:35 INFO org.springframework.boot.web.embedded.tomcat.TomcatWebServer:91 - Tomcat initialized with port(s): 443 (https) 80 (http)
2018-08-10 10:07:35 INFO org.springframework.boot.web.servlet.context.ServletWebServerApplicationContext:285 - Root WebApplicationContext: initialization completed in 1836 ms
2018-08-10 10:07:35 INFO org.springframework.boot.web.servlet.ServletRegistrationBean:187 - Servlet dispatcherServlet mapped to [/]
2018-08-10 10:07:35 INFO org.springframework.boot.web.servlet.AbstractFilterRegistrationBean:245 - Mapping filter: 'characterEncodingFilter' to: [/*]
2018-08-10 10:07:35 INFO org.springframework.boot.web.servlet.AbstractFilterRegistrationBean:245 - Mapping filter: 'hiddenHttpMethodFilter' to: [/*]
2018-08-10 10:07:35 INFO org.springframework.boot.web.servlet.AbstractFilterRegistrationBean:245 - Mapping filter: 'httpPutFormContentFilter' to: [/*]
2018-08-10 10:07:35 INFO org.springframework.boot.web.servlet.AbstractFilterRegistrationBean:245 - Mapping filter: 'requestContextFilter' to: [/*]
2018-08-10 10:07:35 INFO org.springframework.boot.web.servlet.AbstractFilterRegistrationBean:245 - Mapping filter: 'resourceUrlEncodingFilter' to: [/*]
2018-08-10 10:07:36 INFO org.springframework.web.servlet.handler.AbstractUrlHandlerMapping:373 - Mapped URL path [/**/favicon.ico] onto handler of type [class org.springframework.web.servlet.resource.ResourceHttpRequestHandler]
2018-08-10 10:07:36 INFO org.springframework.web.servlet.mvc.method.annotation.RequestMappingHandlerAdapter:574 - Looking for @ControllerAdvice: org.springframework.boot.web.servlet.context.AnnotationConfigServletWebServerApplicationContext@5e5d171f: startup date [Fri Aug 10 10:07:33 CST 2018]; root of context hierarchy
2018-08-10 10:07:36 INFO org.springframework.web.servlet.handler.AbstractHandlerMethodMapping$MappingRegistry:547 - Mapped "{[/]}" onto public org.springframework.web.servlet.ModelAndView net.weizhiyin.base.controller.LoginController.login()
2018-08-10 10:07:36 INFO org.springframework.web.servlet.handler.AbstractHandlerMethodMapping$MappingRegistry:547 - Mapped "{[/sysfile/getFile]}" onto public void net.weizhiyin.base.controller.SysfileController.filePath(net.weizhiyin.base.entity.Sysfile,javax.servlet.http.HttpServletRequest,javax.servlet.http.HttpServletResponse,java.lang.Boolean) throws java.io.IOException
2018-08-10 10:07:36 INFO org.springframework.web.servlet.handler.AbstractHandlerMethodMapping$MappingRegistry:547 - Mapped "{[/sysfile/upload]}" onto public net.weizhiyin.base.entity.Sysfile net.weizhiyin.base.controller.SysfileController.upload(org.springframework.web.multipart.MultipartFile) throws java.io.IOException
2018-08-10 10:07:36 INFO org.springframework.web.servlet.handler.AbstractHandlerMethodMapping$MappingRegistry:547 - Mapped "{[/sysfile/downloadFile]}" onto public void net.weizhiyin.base.controller.SysfileController.downloadFile(java.lang.String,java.lang.String,javax.servlet.http.HttpServletRequest,javax.servlet.http.HttpServletResponse) throws java.io.IOException
2018-08-10 10:07:36 INFO org.springframework.web.servlet.handler.AbstractHandlerMethodMapping$MappingRegistry:547 - Mapped "{[/error]}" onto public org.springframework.http.ResponseEntity<java.util.Map<java.lang.String, java.lang.Object>> org.springframework.boot.autoconfigure.web.servlet.error.BasicErrorController.error(javax.servlet.http.HttpServletRequest)
2018-08-10 10:07:36 INFO org.springframework.web.servlet.handler.AbstractHandlerMethodMapping$MappingRegistry:547 - Mapped "{[/error],produces=[text/html]}" onto public org.springframework.web.servlet.ModelAndView org.springframework.boot.autoconfigure.web.servlet.error.BasicErrorController.errorHtml(javax.servlet.http.HttpServletRequest,javax.servlet.http.HttpServletResponse)
2018-08-10 10:07:36 INFO org.springframework.web.servlet.handler.AbstractUrlHandlerMapping:373 - Mapped URL path [/webjars/**] onto handler of type [class org.springframework.web.servlet.resource.ResourceHttpRequestHandler]
2018-08-10 10:07:36 INFO org.springframework.web.servlet.handler.AbstractUrlHandlerMapping:373 - Mapped URL path [/**] onto handler of type [class org.springframework.web.servlet.resource.ResourceHttpRequestHandler]
2018-08-10 10:07:36 INFO org.springframework.web.servlet.handler.AbstractUrlHandlerMapping:373 - Mapped URL path [/templates/**] onto handler of type [class org.springframework.web.servlet.resource.ResourceHttpRequestHandler]
2018-08-10 10:07:36 INFO org.springframework.web.servlet.handler.AbstractUrlHandlerMapping:373 - Mapped URL path [/static/**] onto handler of type [class org.springframework.web.servlet.resource.ResourceHttpRequestHandler]
2018-08-10 10:07:36 INFO org.springframework.web.servlet.mvc.method.annotation.ExceptionHandlerExceptionResolver:288 - Detected @ExceptionHandler methods in myRestControllerAdvice
2018-08-10 10:07:37 INFO org.springframework.jmx.export.MBeanExporter:433 - Registering beans for JMX exposure on startup
2018-08-10 10:07:37 INFO org.springframework.jmx.export.MBeanExporter:895 - Bean with name 'dataSource' has been autodetected for JMX exposure
2018-08-10 10:07:37 INFO org.springframework.jmx.export.MBeanExporter:668 - Located MBean 'dataSource': registering with JMX server as MBean [com.alibaba.druid.pool:name=dataSource,type=DruidDataSource]
2018-08-10 10:07:38 INFO org.springframework.boot.web.embedded.tomcat.TomcatWebServer:206 - Tomcat started on port(s): 443 (https) 80 (http) with context path ''
2018-08-10 10:08:43 INFO org.springframework.web.servlet.FrameworkServlet:494 - FrameworkServlet 'dispatcherServlet': initialization started
2018-08-10 10:08:43 INFO org.springframework.web.servlet.FrameworkServlet:509 - FrameworkServlet 'dispatcherServlet': initialization completed in 22 ms
2018-08-10 10:10:34 INFO org.springframework.context.support.AbstractApplicationContext:590 - Refreshing org.springframework.boot.web.servlet.context.AnnotationConfigServletWebServerApplicationContext@4c178a76: startup date [Fri Aug 10 10:10:34 CST 2018]; root of context hierarchy
2018-08-10 10:10:36 INFO org.springframework.boot.web.embedded.tomcat.TomcatWebServer:91 - Tomcat initialized with port(s): 443 (https) 80 (http)
2018-08-10 10:10:36 INFO org.springframework.boot.web.servlet.context.ServletWebServerApplicationContext:285 - Root WebApplicationContext: initialization completed in 1787 ms
2018-08-10 10:10:36 INFO org.springframework.boot.web.servlet.ServletRegistrationBean:187 - Servlet dispatcherServlet mapped to [/]
2018-08-10 10:10:36 INFO org.springframework.boot.web.servlet.AbstractFilterRegistrationBean:245 - Mapping filter: 'characterEncodingFilter' to: [/*]
2018-08-10 10:10:36 INFO org.springframework.boot.web.servlet.AbstractFilterRegistrationBean:245 - Mapping filter: 'hiddenHttpMethodFilter' to: [/*]
2018-08-10 10:10:36 INFO org.springframework.boot.web.servlet.AbstractFilterRegistrationBean:245 - Mapping filter: 'httpPutFormContentFilter' to: [/*]
2018-08-10 10:10:36 INFO org.springframework.boot.web.servlet.AbstractFilterRegistrationBean:245 - Mapping filter: 'requestContextFilter' to: [/*]
2018-08-10 10:10:36 INFO org.springframework.boot.web.servlet.AbstractFilterRegistrationBean:245 - Mapping filter: 'resourceUrlEncodingFilter' to: [/*]
2018-08-10 10:10:37 INFO org.springframework.web.servlet.handler.AbstractUrlHandlerMapping:373 - Mapped URL path [/**/favicon.ico] onto handler of type [class org.springframework.web.servlet.resource.ResourceHttpRequestHandler]
2018-08-10 10:10:37 INFO org.springframework.web.servlet.mvc.method.annotation.RequestMappingHandlerAdapter:574 - Looking for @ControllerAdvice: org.springframework.boot.web.servlet.context.AnnotationConfigServletWebServerApplicationContext@4c178a76: startup date [Fri Aug 10 10:10:34 CST 2018]; root of context hierarchy
2018-08-10 10:10:37 INFO org.springframework.web.servlet.handler.AbstractHandlerMethodMapping$MappingRegistry:547 - Mapped "{[/]}" onto public org.springframework.web.servlet.ModelAndView net.weizhiyin.base.controller.LoginController.login()
2018-08-10 10:10:37 INFO org.springframework.web.servlet.handler.AbstractHandlerMethodMapping$MappingRegistry:547 - Mapped "{[/sysfile/getFile]}" onto public void net.weizhiyin.base.controller.SysfileController.filePath(net.weizhiyin.base.entity.Sysfile,javax.servlet.http.HttpServletRequest,javax.servlet.http.HttpServletResponse,java.lang.Boolean) throws java.io.IOException
2018-08-10 10:10:37 INFO org.springframework.web.servlet.handler.AbstractHandlerMethodMapping$MappingRegistry:547 - Mapped "{[/sysfile/downloadFile]}" onto public void net.weizhiyin.base.controller.SysfileController.downloadFile(java.lang.String,java.lang.String,javax.servlet.http.HttpServletRequest,javax.servlet.http.HttpServletResponse) throws java.io.IOException
2018-08-10 10:10:37 INFO org.springframework.web.servlet.handler.AbstractHandlerMethodMapping$MappingRegistry:547 - Mapped "{[/sysfile/upload]}" onto public net.weizhiyin.base.entity.Sysfile net.weizhiyin.base.controller.SysfileController.upload(org.springframework.web.multipart.MultipartFile) throws java.io.IOException
2018-08-10 10:10:37 INFO org.springframework.web.servlet.handler.AbstractHandlerMethodMapping$MappingRegistry:547 - Mapped "{[/error]}" onto public org.springframework.http.ResponseEntity<java.util.Map<java.lang.String, java.lang.Object>> org.springframework.boot.autoconfigure.web.servlet.error.BasicErrorController.error(javax.servlet.http.HttpServletRequest)
2018-08-10 10:10:37 INFO org.springframework.web.servlet.handler.AbstractHandlerMethodMapping$MappingRegistry:547 - Mapped "{[/error],produces=[text/html]}" onto public org.springframework.web.servlet.ModelAndView org.springframework.boot.autoconfigure.web.servlet.error.BasicErrorController.errorHtml(javax.servlet.http.HttpServletRequest,javax.servlet.http.HttpServletResponse)
2018-08-10 10:10:37 INFO org.springframework.web.servlet.handler.AbstractUrlHandlerMapping:373 - Mapped URL path [/webjars/**] onto handler of type [class org.springframework.web.servlet.resource.ResourceHttpRequestHandler]
2018-08-10 10:10:37 INFO org.springframework.web.servlet.handler.AbstractUrlHandlerMapping:373 - Mapped URL path [/**] onto handler of type [class org.springframework.web.servlet.resource.ResourceHttpRequestHandler]
2018-08-10 10:10:37 INFO org.springframework.web.servlet.handler.AbstractUrlHandlerMapping:373 - Mapped URL path [/templates/**] onto handler of type [class org.springframework.web.servlet.resource.ResourceHttpRequestHandler]
2018-08-10 10:10:37 INFO org.springframework.web.servlet.handler.AbstractUrlHandlerMapping:373 - Mapped URL path [/static/**] onto handler of type [class org.springframework.web.servlet.resource.ResourceHttpRequestHandler]
2018-08-10 10:10:37 INFO org.springframework.web.servlet.mvc.method.annotation.ExceptionHandlerExceptionResolver:288 - Detected @ExceptionHandler methods in myRestControllerAdvice
2018-08-10 10:10:37 INFO org.springframework.jmx.export.MBeanExporter:433 - Registering beans for JMX exposure on startup
2018-08-10 10:10:37 INFO org.springframework.jmx.export.MBeanExporter:895 - Bean with name 'dataSource' has been autodetected for JMX exposure
2018-08-10 10:10:37 INFO org.springframework.jmx.export.MBeanExporter:668 - Located MBean 'dataSource': registering with JMX server as MBean [com.alibaba.druid.pool:name=dataSource,type=DruidDataSource]
2018-08-10 10:10:38 INFO org.springframework.boot.web.embedded.tomcat.TomcatWebServer:206 - Tomcat started on port(s): 443 (https) 80 (http) with context path ''
2018-08-10 10:10:40 INFO org.springframework.web.servlet.FrameworkServlet:494 - FrameworkServlet 'dispatcherServlet': initialization started
2018-08-10 10:10:40 INFO org.springframework.web.servlet.FrameworkServlet:509 - FrameworkServlet 'dispatcherServlet': initialization completed in 19 ms
2018-08-10 10:11:48 INFO org.springframework.context.support.AbstractApplicationContext:590 - Refreshing org.springframework.boot.web.servlet.context.AnnotationConfigServletWebServerApplicationContext@247bddad: startup date [Fri Aug 10 10:11:48 CST 2018]; root of context hierarchy
2018-08-10 10:11:49 INFO org.springframework.boot.web.embedded.tomcat.TomcatWebServer:91 - Tomcat initialized with port(s): 443 (https) 80 (http)
2018-08-10 10:11:49 INFO org.springframework.boot.web.servlet.context.ServletWebServerApplicationContext:285 - Root WebApplicationContext: initialization completed in 1867 ms
2018-08-10 10:11:50 INFO org.springframework.boot.web.servlet.ServletRegistrationBean:187 - Servlet dispatcherServlet mapped to [/]
2018-08-10 10:11:50 INFO org.springframework.boot.web.servlet.AbstractFilterRegistrationBean:245 - Mapping filter: 'characterEncodingFilter' to: [/*]
2018-08-10 10:11:50 INFO org.springframework.boot.web.servlet.AbstractFilterRegistrationBean:245 - Mapping filter: 'hiddenHttpMethodFilter' to: [/*]
2018-08-10 10:11:50 INFO org.springframework.boot.web.servlet.AbstractFilterRegistrationBean:245 - Mapping filter: 'httpPutFormContentFilter' to: [/*]
2018-08-10 10:11:50 INFO org.springframework.boot.web.servlet.AbstractFilterRegistrationBean:245 - Mapping filter: 'requestContextFilter' to: [/*]
2018-08-10 10:11:50 INFO org.springframework.boot.web.servlet.AbstractFilterRegistrationBean:245 - Mapping filter: 'resourceUrlEncodingFilter' to: [/*]
2018-08-10 10:11:50 INFO org.springframework.web.servlet.handler.AbstractUrlHandlerMapping:373 - Mapped URL path [/**/favicon.ico] onto handler of type [class org.springframework.web.servlet.resource.ResourceHttpRequestHandler]
2018-08-10 10:11:50 INFO org.springframework.web.servlet.mvc.method.annotation.RequestMappingHandlerAdapter:574 - Looking for @ControllerAdvice: org.springframework.boot.web.servlet.context.AnnotationConfigServletWebServerApplicationContext@247bddad: startup date [Fri Aug 10 10:11:48 CST 2018]; root of context hierarchy
2018-08-10 10:11:50 INFO org.springframework.web.servlet.handler.AbstractHandlerMethodMapping$MappingRegistry:547 - Mapped "{[/]}" onto public org.springframework.web.servlet.ModelAndView net.weizhiyin.base.controller.LoginController.login()
2018-08-10 10:11:50 INFO org.springframework.web.servlet.handler.AbstractHandlerMethodMapping$MappingRegistry:547 - Mapped "{[/sysfile/getFile]}" onto public void net.weizhiyin.base.controller.SysfileController.filePath(net.weizhiyin.base.entity.Sysfile,javax.servlet.http.HttpServletRequest,javax.servlet.http.HttpServletResponse,java.lang.Boolean) throws java.io.IOException
2018-08-10 10:11:50 INFO org.springframework.web.servlet.handler.AbstractHandlerMethodMapping$MappingRegistry:547 - Mapped "{[/sysfile/upload]}" onto public net.weizhiyin.base.entity.Sysfile net.weizhiyin.base.controller.SysfileController.upload(org.springframework.web.multipart.MultipartFile) throws java.io.IOException
2018-08-10 10:11:50 INFO org.springframework.web.servlet.handler.AbstractHandlerMethodMapping$MappingRegistry:547 - Mapped "{[/sysfile/downloadFile]}" onto public void net.weizhiyin.base.controller.SysfileController.downloadFile(java.lang.String,java.lang.String,javax.servlet.http.HttpServletRequest,javax.servlet.http.HttpServletResponse) throws java.io.IOException
2018-08-10 10:11:50 INFO org.springframework.web.servlet.handler.AbstractHandlerMethodMapping$MappingRegistry:547 - Mapped "{[/error]}" onto public org.springframework.http.ResponseEntity<java.util.Map<java.lang.String, java.lang.Object>> org.springframework.boot.autoconfigure.web.servlet.error.BasicErrorController.error(javax.servlet.http.HttpServletRequest)
2018-08-10 10:11:50 INFO org.springframework.web.servlet.handler.AbstractHandlerMethodMapping$MappingRegistry:547 - Mapped "{[/error],produces=[text/html]}" onto public org.springframework.web.servlet.ModelAndView org.springframework.boot.autoconfigure.web.servlet.error.BasicErrorController.errorHtml(javax.servlet.http.HttpServletRequest,javax.servlet.http.HttpServletResponse)
2018-08-10 10:11:50 INFO org.springframework.web.servlet.handler.AbstractUrlHandlerMapping:373 - Mapped URL path [/webjars/**] onto handler of type [class org.springframework.web.servlet.resource.ResourceHttpRequestHandler]
2018-08-10 10:11:50 INFO org.springframework.web.servlet.handler.AbstractUrlHandlerMapping:373 - Mapped URL path [/**] onto handler of type [class org.springframework.web.servlet.resource.ResourceHttpRequestHandler]
2018-08-10 10:11:50 INFO org.springframework.web.servlet.handler.AbstractUrlHandlerMapping:373 - Mapped URL path [/templates/**] onto handler of type [class org.springframework.web.servlet.resource.ResourceHttpRequestHandler]
2018-08-10 10:11:50 INFO org.springframework.web.servlet.handler.AbstractUrlHandlerMapping:373 - Mapped URL path [/static/**] onto handler of type [class org.springframework.web.servlet.resource.ResourceHttpRequestHandler]
2018-08-10 10:11:51 INFO org.springframework.web.servlet.mvc.method.annotation.ExceptionHandlerExceptionResolver:288 - Detected @ExceptionHandler methods in myRestControllerAdvice
2018-08-10 10:11:51 INFO org.springframework.jmx.export.MBeanExporter:433 - Registering beans for JMX exposure on startup
2018-08-10 10:11:51 INFO org.springframework.jmx.export.MBeanExporter:895 - Bean with name 'dataSource' has been autodetected for JMX exposure
2018-08-10 10:11:51 INFO org.springframework.jmx.export.MBeanExporter:668 - Located MBean 'dataSource': registering with JMX server as MBean [com.alibaba.druid.pool:name=dataSource,type=DruidDataSource]
2018-08-10 10:11:51 INFO org.springframework.boot.web.embedded.tomcat.TomcatWebServer:206 - Tomcat started on port(s): 443 (https) 80 (http) with context path ''
2018-08-10 10:11:55 INFO org.springframework.web.servlet.FrameworkServlet:494 - FrameworkServlet 'dispatcherServlet': initialization started
2018-08-10 10:11:55 INFO org.springframework.web.servlet.FrameworkServlet:509 - FrameworkServlet 'dispatcherServlet': initialization completed in 18 ms
2018-08-10 10:12:38 INFO org.springframework.context.support.AbstractApplicationContext:590 - Refreshing org.springframework.boot.web.servlet.context.AnnotationConfigServletWebServerApplicationContext@b3ca52e: startup date [Fri Aug 10 10:12:38 CST 2018]; root of context hierarchy
2018-08-10 10:12:39 INFO org.springframework.boot.web.embedded.tomcat.TomcatWebServer:91 - Tomcat initialized with port(s): 443 (https) 80 (http)
2018-08-10 10:12:39 INFO org.springframework.boot.web.servlet.context.ServletWebServerApplicationContext:285 - Root WebApplicationContext: initialization completed in 1520 ms
2018-08-10 10:12:39 INFO org.springframework.boot.web.servlet.ServletRegistrationBean:187 - Servlet dispatcherServlet mapped to [/]
2018-08-10 10:12:39 INFO org.springframework.boot.web.servlet.AbstractFilterRegistrationBean:245 - Mapping filter: 'characterEncodingFilter' to: [/*]
2018-08-10 10:12:39 INFO org.springframework.boot.web.servlet.AbstractFilterRegistrationBean:245 - Mapping filter: 'hiddenHttpMethodFilter' to: [/*]
2018-08-10 10:12:39 INFO org.springframework.boot.web.servlet.AbstractFilterRegistrationBean:245 - Mapping filter: 'httpPutFormContentFilter' to: [/*]
2018-08-10 10:12:39 INFO org.springframework.boot.web.servlet.AbstractFilterRegistrationBean:245 - Mapping filter: 'requestContextFilter' to: [/*]
2018-08-10 10:12:39 INFO org.springframework.boot.web.servlet.AbstractFilterRegistrationBean:245 - Mapping filter: 'resourceUrlEncodingFilter' to: [/*]
2018-08-10 10:12:40 INFO org.springframework.web.servlet.handler.AbstractUrlHandlerMapping:373 - Mapped URL path [/**/favicon.ico] onto handler of type [class org.springframework.web.servlet.resource.ResourceHttpRequestHandler]
2018-08-10 10:12:40 INFO org.springframework.web.servlet.mvc.method.annotation.RequestMappingHandlerAdapter:574 - Looking for @ControllerAdvice: org.springframework.boot.web.servlet.context.AnnotationConfigServletWebServerApplicationContext@b3ca52e: startup date [Fri Aug 10 10:12:38 CST 2018]; root of context hierarchy
2018-08-10 10:12:40 INFO org.springframework.web.servlet.handler.AbstractHandlerMethodMapping$MappingRegistry:547 - Mapped "{[/]}" onto public org.springframework.web.servlet.ModelAndView net.weizhiyin.base.controller.LoginController.login()
2018-08-10 10:12:40 INFO org.springframework.web.servlet.handler.AbstractHandlerMethodMapping$MappingRegistry:547 - Mapped "{[/sysfile/getFile]}" onto public void net.weizhiyin.base.controller.SysfileController.filePath(net.weizhiyin.base.entity.Sysfile,javax.servlet.http.HttpServletRequest,javax.servlet.http.HttpServletResponse,java.lang.Boolean) throws java.io.IOException
2018-08-10 10:12:40 INFO org.springframework.web.servlet.handler.AbstractHandlerMethodMapping$MappingRegistry:547 - Mapped "{[/sysfile/downloadFile]}" onto public void net.weizhiyin.base.controller.SysfileController.downloadFile(java.lang.String,java.lang.String,javax.servlet.http.HttpServletRequest,javax.servlet.http.HttpServletResponse) throws java.io.IOException
2018-08-10 10:12:40 INFO org.springframework.web.servlet.handler.AbstractHandlerMethodMapping$MappingRegistry:547 - Mapped "{[/sysfile/upload]}" onto public net.weizhiyin.base.entity.Sysfile net.weizhiyin.base.controller.SysfileController.upload(org.springframework.web.multipart.MultipartFile) throws java.io.IOException
2018-08-10 10:12:40 INFO org.springframework.web.servlet.handler.AbstractHandlerMethodMapping$MappingRegistry:547 - Mapped "{[/error]}" onto public org.springframework.http.ResponseEntity<java.util.Map<java.lang.String, java.lang.Object>> org.springframework.boot.autoconfigure.web.servlet.error.BasicErrorController.error(javax.servlet.http.HttpServletRequest)
2018-08-10 10:12:40 INFO org.springframework.web.servlet.handler.AbstractHandlerMethodMapping$MappingRegistry:547 - Mapped "{[/error],produces=[text/html]}" onto public org.springframework.web.servlet.ModelAndView org.springframework.boot.autoconfigure.web.servlet.error.BasicErrorController.errorHtml(javax.servlet.http.HttpServletRequest,javax.servlet.http.HttpServletResponse)
2018-08-10 10:12:40 INFO org.springframework.web.servlet.handler.AbstractUrlHandlerMapping:373 - Mapped URL path [/webjars/**] onto handler of type [class org.springframework.web.servlet.resource.ResourceHttpRequestHandler]
2018-08-10 10:12:40 INFO org.springframework.web.servlet.handler.AbstractUrlHandlerMapping:373 - Mapped URL path [/**] onto handler of type [class org.springframework.web.servlet.resource.ResourceHttpRequestHandler]
2018-08-10 10:12:40 INFO org.springframework.web.servlet.handler.AbstractUrlHandlerMapping:373 - Mapped URL path [/templates/**] onto handler of type [class org.springframework.web.servlet.resource.ResourceHttpRequestHandler]
2018-08-10 10:12:40 INFO org.springframework.web.servlet.handler.AbstractUrlHandlerMapping:373 - Mapped URL path [/static/**] onto handler of type [class org.springframework.web.servlet.resource.ResourceHttpRequestHandler]
2018-08-10 10:12:40 INFO org.springframework.web.servlet.mvc.method.annotation.ExceptionHandlerExceptionResolver:288 - Detected @ExceptionHandler methods in myRestControllerAdvice
2018-08-10 10:12:40 INFO org.springframework.jmx.export.MBeanExporter:433 - Registering beans for JMX exposure on startup
2018-08-10 10:12:40 INFO org.springframework.jmx.export.MBeanExporter:895 - Bean with name 'dataSource' has been autodetected for JMX exposure
2018-08-10 10:12:40 INFO org.springframework.jmx.export.MBeanExporter:668 - Located MBean 'dataSource': registering with JMX server as MBean [com.alibaba.druid.pool:name=dataSource,type=DruidDataSource]
2018-08-10 10:12:41 INFO org.springframework.boot.web.embedded.tomcat.TomcatWebServer:206 - Tomcat started on port(s): 443 (https) 80 (http) with context path ''
2018-08-10 10:12:44 INFO org.springframework.web.servlet.FrameworkServlet:494 - FrameworkServlet 'dispatcherServlet': initialization started
2018-08-10 10:12:44 INFO org.springframework.web.servlet.FrameworkServlet:509 - FrameworkServlet 'dispatcherServlet': initialization completed in 20 ms
2018-08-10 10:13:08 INFO org.springframework.context.support.AbstractApplicationContext:590 - Refreshing org.springframework.boot.web.servlet.context.AnnotationConfigServletWebServerApplicationContext@b2c9a9c: startup date [Fri Aug 10 10:13:08 CST 2018]; root of context hierarchy
2018-08-10 10:13:09 INFO org.springframework.boot.web.embedded.tomcat.TomcatWebServer:91 - Tomcat initialized with port(s): 443 (https) 80 (http)
2018-08-10 10:13:09 INFO org.springframework.boot.web.servlet.context.ServletWebServerApplicationContext:285 - Root WebApplicationContext: initialization completed in 1673 ms
2018-08-10 10:13:09 INFO org.springframework.boot.web.servlet.ServletRegistrationBean:187 - Servlet dispatcherServlet mapped to [/]
2018-08-10 10:13:09 INFO org.springframework.boot.web.servlet.AbstractFilterRegistrationBean:245 - Mapping filter: 'characterEncodingFilter' to: [/*]
2018-08-10 10:13:09 INFO org.springframework.boot.web.servlet.AbstractFilterRegistrationBean:245 - Mapping filter: 'hiddenHttpMethodFilter' to: [/*]
2018-08-10 10:13:09 INFO org.springframework.boot.web.servlet.AbstractFilterRegistrationBean:245 - Mapping filter: 'httpPutFormContentFilter' to: [/*]
2018-08-10 10:13:09 INFO org.springframework.boot.web.servlet.AbstractFilterRegistrationBean:245 - Mapping filter: 'requestContextFilter' to: [/*]
2018-08-10 10:13:09 INFO org.springframework.boot.web.servlet.AbstractFilterRegistrationBean:245 - Mapping filter: 'resourceUrlEncodingFilter' to: [/*]
2018-08-10 10:13:10 INFO org.springframework.web.servlet.handler.AbstractUrlHandlerMapping:373 - Mapped URL path [/**/favicon.ico] onto handler of type [class org.springframework.web.servlet.resource.ResourceHttpRequestHandler]
2018-08-10 10:13:10 INFO org.springframework.web.servlet.mvc.method.annotation.RequestMappingHandlerAdapter:574 - Looking for @ControllerAdvice: org.springframework.boot.web.servlet.context.AnnotationConfigServletWebServerApplicationContext@b2c9a9c: startup date [Fri Aug 10 10:13:08 CST 2018]; root of context hierarchy
2018-08-10 10:13:10 INFO org.springframework.web.servlet.handler.AbstractHandlerMethodMapping$MappingRegistry:547 - Mapped "{[/]}" onto public org.springframework.web.servlet.ModelAndView net.weizhiyin.base.controller.LoginController.login()
2018-08-10 10:13:10 INFO org.springframework.web.servlet.handler.AbstractHandlerMethodMapping$MappingRegistry:547 - Mapped "{[/sysfile/getFile]}" onto public void net.weizhiyin.base.controller.SysfileController.filePath(net.weizhiyin.base.entity.Sysfile,javax.servlet.http.HttpServletRequest,javax.servlet.http.HttpServletResponse,java.lang.Boolean) throws java.io.IOException
2018-08-10 10:13:10 INFO org.springframework.web.servlet.handler.AbstractHandlerMethodMapping$MappingRegistry:547 - Mapped "{[/sysfile/upload]}" onto public net.weizhiyin.base.entity.Sysfile net.weizhiyin.base.controller.SysfileController.upload(org.springframework.web.multipart.MultipartFile) throws java.io.IOException
2018-08-10 10:13:10 INFO org.springframework.web.servlet.handler.AbstractHandlerMethodMapping$MappingRegistry:547 - Mapped "{[/sysfile/downloadFile]}" onto public void net.weizhiyin.base.controller.SysfileController.downloadFile(java.lang.String,java.lang.String,javax.servlet.http.HttpServletRequest,javax.servlet.http.HttpServletResponse) throws java.io.IOException
2018-08-10 10:13:10 INFO org.springframework.web.servlet.handler.AbstractHandlerMethodMapping$MappingRegistry:547 - Mapped "{[/error]}" onto public org.springframework.http.ResponseEntity<java.util.Map<java.lang.String, java.lang.Object>> org.springframework.boot.autoconfigure.web.servlet.error.BasicErrorController.error(javax.servlet.http.HttpServletRequest)
2018-08-10 10:13:10 INFO org.springframework.web.servlet.handler.AbstractHandlerMethodMapping$MappingRegistry:547 - Mapped "{[/error],produces=[text/html]}" onto public org.springframework.web.servlet.ModelAndView org.springframework.boot.autoconfigure.web.servlet.error.BasicErrorController.errorHtml(javax.servlet.http.HttpServletRequest,javax.servlet.http.HttpServletResponse)
2018-08-10 10:13:10 INFO org.springframework.web.servlet.handler.AbstractUrlHandlerMapping:373 - Mapped URL path [/webjars/**] onto handler of type [class org.springframework.web.servlet.resource.ResourceHttpRequestHandler]
2018-08-10 10:13:10 INFO org.springframework.web.servlet.handler.AbstractUrlHandlerMapping:373 - Mapped URL path [/**] onto handler of type [class org.springframework.web.servlet.resource.ResourceHttpRequestHandler]
2018-08-10 10:13:10 INFO org.springframework.web.servlet.handler.AbstractUrlHandlerMapping:373 - Mapped URL path [/templates/**] onto handler of type [class org.springframework.web.servlet.resource.ResourceHttpRequestHandler]
2018-08-10 10:13:10 INFO org.springframework.web.servlet.handler.AbstractUrlHandlerMapping:373 - Mapped URL path [/static/**] onto handler of type [class org.springframework.web.servlet.resource.ResourceHttpRequestHandler]
2018-08-10 10:13:10 INFO org.springframework.web.servlet.mvc.method.annotation.ExceptionHandlerExceptionResolver:288 - Detected @ExceptionHandler methods in myRestControllerAdvice
2018-08-10 10:13:11 INFO org.springframework.jmx.export.MBeanExporter:433 - Registering beans for JMX exposure on startup
2018-08-10 10:13:11 INFO org.springframework.jmx.export.MBeanExporter:895 - Bean with name 'dataSource' has been autodetected for JMX exposure
2018-08-10 10:13:11 INFO org.springframework.jmx.export.MBeanExporter:668 - Located MBean 'dataSource': registering with JMX server as MBean [com.alibaba.druid.pool:name=dataSource,type=DruidDataSource]
2018-08-10 10:13:11 INFO org.springframework.boot.web.embedded.tomcat.TomcatWebServer:206 - Tomcat started on port(s): 443 (https) 80 (http) with context path ''
2018-08-10 10:13:15 INFO org.springframework.web.servlet.FrameworkServlet:494 - FrameworkServlet 'dispatcherServlet': initialization started
2018-08-10 10:13:15 INFO org.springframework.web.servlet.FrameworkServlet:509 - FrameworkServlet 'dispatcherServlet': initialization completed in 20 ms
2018-08-10 10:13:38 INFO org.springframework.context.support.AbstractApplicationContext:590 - Refreshing org.springframework.boot.web.servlet.context.AnnotationConfigServletWebServerApplicationContext@45c7e403: startup date [Fri Aug 10 10:13:38 CST 2018]; root of context hierarchy
2018-08-10 10:13:39 INFO org.springframework.boot.web.embedded.tomcat.TomcatWebServer:91 - Tomcat initialized with port(s): 443 (https) 80 (http)
2018-08-10 10:13:39 INFO org.springframework.boot.web.servlet.context.ServletWebServerApplicationContext:285 - Root WebApplicationContext: initialization completed in 1498 ms
2018-08-10 10:13:39 INFO org.springframework.boot.web.servlet.ServletRegistrationBean:187 - Servlet dispatcherServlet mapped to [/]
2018-08-10 10:13:39 INFO org.springframework.boot.web.servlet.AbstractFilterRegistrationBean:245 - Mapping filter: 'characterEncodingFilter' to: [/*]
2018-08-10 10:13:39 INFO org.springframework.boot.web.servlet.AbstractFilterRegistrationBean:245 - Mapping filter: 'hiddenHttpMethodFilter' to: [/*]
2018-08-10 10:13:39 INFO org.springframework.boot.web.servlet.AbstractFilterRegistrationBean:245 - Mapping filter: 'httpPutFormContentFilter' to: [/*]
2018-08-10 10:13:39 INFO org.springframework.boot.web.servlet.AbstractFilterRegistrationBean:245 - Mapping filter: 'requestContextFilter' to: [/*]
2018-08-10 10:13:39 INFO org.springframework.boot.web.servlet.AbstractFilterRegistrationBean:245 - Mapping filter: 'resourceUrlEncodingFilter' to: [/*]
2018-08-10 10:13:40 INFO org.springframework.web.servlet.handler.AbstractUrlHandlerMapping:373 - Mapped URL path [/**/favicon.ico] onto handler of type [class org.springframework.web.servlet.resource.ResourceHttpRequestHandler]
2018-08-10 10:13:40 INFO org.springframework.web.servlet.mvc.method.annotation.RequestMappingHandlerAdapter:574 - Looking for @ControllerAdvice: org.springframework.boot.web.servlet.context.AnnotationConfigServletWebServerApplicationContext@45c7e403: startup date [Fri Aug 10 10:13:38 CST 2018]; root of context hierarchy
2018-08-10 10:13:40 INFO org.springframework.web.servlet.handler.AbstractHandlerMethodMapping$MappingRegistry:547 - Mapped "{[/]}" onto public org.springframework.web.servlet.ModelAndView net.weizhiyin.base.controller.LoginController.login()
2018-08-10 10:13:40 INFO org.springframework.web.servlet.handler.AbstractHandlerMethodMapping$MappingRegistry:547 - Mapped "{[/sysfile/getFile]}" onto public void net.weizhiyin.base.controller.SysfileController.filePath(net.weizhiyin.base.entity.Sysfile,javax.servlet.http.HttpServletRequest,javax.servlet.http.HttpServletResponse,java.lang.Boolean) throws java.io.IOException
2018-08-10 10:13:40 INFO org.springframework.web.servlet.handler.AbstractHandlerMethodMapping$MappingRegistry:547 - Mapped "{[/sysfile/upload]}" onto public net.weizhiyin.base.entity.Sysfile net.weizhiyin.base.controller.SysfileController.upload(org.springframework.web.multipart.MultipartFile) throws java.io.IOException
2018-08-10 10:13:40 INFO org.springframework.web.servlet.handler.AbstractHandlerMethodMapping$MappingRegistry:547 - Mapped "{[/sysfile/downloadFile]}" onto public void net.weizhiyin.base.controller.SysfileController.downloadFile(java.lang.String,java.lang.String,javax.servlet.http.HttpServletRequest,javax.servlet.http.HttpServletResponse) throws java.io.IOException
2018-08-10 10:13:40 INFO org.springframework.web.servlet.handler.AbstractHandlerMethodMapping$MappingRegistry:547 - Mapped "{[/error]}" onto public org.springframework.http.ResponseEntity<java.util.Map<java.lang.String, java.lang.Object>> org.springframework.boot.autoconfigure.web.servlet.error.BasicErrorController.error(javax.servlet.http.HttpServletRequest)
2018-08-10 10:13:40 INFO org.springframework.web.servlet.handler.AbstractHandlerMethodMapping$MappingRegistry:547 - Mapped "{[/error],produces=[text/html]}" onto public org.springframework.web.servlet.ModelAndView org.springframework.boot.autoconfigure.web.servlet.error.BasicErrorController.errorHtml(javax.servlet.http.HttpServletRequest,javax.servlet.http.HttpServletResponse)
2018-08-10 10:13:40 INFO org.springframework.web.servlet.handler.AbstractUrlHandlerMapping:373 - Mapped URL path [/webjars/**] onto handler of type [class org.springframework.web.servlet.resource.ResourceHttpRequestHandler]
2018-08-10 10:13:40 INFO org.springframework.web.servlet.handler.AbstractUrlHandlerMapping:373 - Mapped URL path [/**] onto handler of type [class org.springframework.web.servlet.resource.ResourceHttpRequestHandler]
2018-08-10 10:13:40 INFO org.springframework.web.servlet.handler.AbstractUrlHandlerMapping:373 - Mapped URL path [/templates/**] onto handler of type [class org.springframework.web.servlet.resource.ResourceHttpRequestHandler]
2018-08-10 10:13:40 INFO org.springframework.web.servlet.handler.AbstractUrlHandlerMapping:373 - Mapped URL path [/static/**] onto handler of type [class org.springframework.web.servlet.resource.ResourceHttpRequestHandler]
2018-08-10 10:13:40 INFO org.springframework.web.servlet.mvc.method.annotation.ExceptionHandlerExceptionResolver:288 - Detected @ExceptionHandler methods in myRestControllerAdvice
2018-08-10 10:13:40 INFO org.springframework.jmx.export.MBeanExporter:433 - Registering beans for JMX exposure on startup
2018-08-10 10:13:40 INFO org.springframework.jmx.export.MBeanExporter:895 - Bean with name 'dataSource' has been autodetected for JMX exposure
2018-08-10 10:13:40 INFO org.springframework.jmx.export.MBeanExporter:668 - Located MBean 'dataSource': registering with JMX server as MBean [com.alibaba.druid.pool:name=dataSource,type=DruidDataSource]
2018-08-10 10:13:41 INFO org.springframework.boot.web.embedded.tomcat.TomcatWebServer:206 - Tomcat started on port(s): 443 (https) 80 (http) with context path ''
2018-08-10 10:13:44 INFO org.springframework.web.servlet.FrameworkServlet:494 - FrameworkServlet 'dispatcherServlet': initialization started
2018-08-10 10:13:44 INFO org.springframework.web.servlet.FrameworkServlet:509 - FrameworkServlet 'dispatcherServlet': initialization completed in 18 ms
2018-08-10 10:26:27 INFO org.springframework.context.support.AbstractApplicationContext:590 - Refreshing org.springframework.boot.web.servlet.context.AnnotationConfigServletWebServerApplicationContext@6a2f6f80: startup date [Fri Aug 10 10:26:27 CST 2018]; root of context hierarchy
2018-08-10 10:26:28 INFO org.springframework.boot.web.embedded.tomcat.TomcatWebServer:91 - Tomcat initialized with port(s): 443 (https) 80 (http)
2018-08-10 10:26:29 INFO org.springframework.boot.web.servlet.context.ServletWebServerApplicationContext:285 - Root WebApplicationContext: initialization completed in 1699 ms
2018-08-10 10:26:29 INFO org.springframework.boot.web.servlet.ServletRegistrationBean:187 - Servlet dispatcherServlet mapped to [/]
2018-08-10 10:26:29 INFO org.springframework.boot.web.servlet.AbstractFilterRegistrationBean:245 - Mapping filter: 'characterEncodingFilter' to: [/*]
2018-08-10 10:26:29 INFO org.springframework.boot.web.servlet.AbstractFilterRegistrationBean:245 - Mapping filter: 'hiddenHttpMethodFilter' to: [/*]
2018-08-10 10:26:29 INFO org.springframework.boot.web.servlet.AbstractFilterRegistrationBean:245 - Mapping filter: 'httpPutFormContentFilter' to: [/*]
2018-08-10 10:26:29 INFO org.springframework.boot.web.servlet.AbstractFilterRegistrationBean:245 - Mapping filter: 'requestContextFilter' to: [/*]
2018-08-10 10:26:29 INFO org.springframework.boot.web.servlet.AbstractFilterRegistrationBean:245 - Mapping filter: 'resourceUrlEncodingFilter' to: [/*]
2018-08-10 10:26:29 INFO org.springframework.web.servlet.handler.AbstractUrlHandlerMapping:373 - Mapped URL path [/**/favicon.ico] onto handler of type [class org.springframework.web.servlet.resource.ResourceHttpRequestHandler]
2018-08-10 10:26:30 INFO org.springframework.web.servlet.mvc.method.annotation.RequestMappingHandlerAdapter:574 - Looking for @ControllerAdvice: org.springframework.boot.web.servlet.context.AnnotationConfigServletWebServerApplicationContext@6a2f6f80: startup date [Fri Aug 10 10:26:27 CST 2018]; root of context hierarchy
2018-08-10 10:26:30 INFO org.springframework.web.servlet.handler.AbstractHandlerMethodMapping$MappingRegistry:547 - Mapped "{[/]}" onto public org.springframework.web.servlet.ModelAndView net.weizhiyin.base.controller.LoginController.login()
2018-08-10 10:26:30 INFO org.springframework.web.servlet.handler.AbstractHandlerMethodMapping$MappingRegistry:547 - Mapped "{[/sysfile/getFile]}" onto public void net.weizhiyin.base.controller.SysfileController.filePath(net.weizhiyin.base.entity.Sysfile,javax.servlet.http.HttpServletRequest,javax.servlet.http.HttpServletResponse,java.lang.Boolean) throws java.io.IOException
2018-08-10 10:26:30 INFO org.springframework.web.servlet.handler.AbstractHandlerMethodMapping$MappingRegistry:547 - Mapped "{[/sysfile/upload]}" onto public net.weizhiyin.base.entity.Sysfile net.weizhiyin.base.controller.SysfileController.upload(org.springframework.web.multipart.MultipartFile) throws java.io.IOException
2018-08-10 10:26:30 INFO org.springframework.web.servlet.handler.AbstractHandlerMethodMapping$MappingRegistry:547 - Mapped "{[/sysfile/downloadFile]}" onto public void net.weizhiyin.base.controller.SysfileController.downloadFile(java.lang.String,java.lang.String,javax.servlet.http.HttpServletRequest,javax.servlet.http.HttpServletResponse) throws java.io.IOException
2018-08-10 10:26:30 INFO org.springframework.web.servlet.handler.AbstractHandlerMethodMapping$MappingRegistry:547 - Mapped "{[/error]}" onto public org.springframework.http.ResponseEntity<java.util.Map<java.lang.String, java.lang.Object>> org.springframework.boot.autoconfigure.web.servlet.error.BasicErrorController.error(javax.servlet.http.HttpServletRequest)
2018-08-10 10:26:30 INFO org.springframework.web.servlet.handler.AbstractHandlerMethodMapping$MappingRegistry:547 - Mapped "{[/error],produces=[text/html]}" onto public org.springframework.web.servlet.ModelAndView org.springframework.boot.autoconfigure.web.servlet.error.BasicErrorController.errorHtml(javax.servlet.http.HttpServletRequest,javax.servlet.http.HttpServletResponse)
2018-08-10 10:26:30 INFO org.springframework.web.servlet.handler.AbstractUrlHandlerMapping:373 - Mapped URL path [/webjars/**] onto handler of type [class org.springframework.web.servlet.resource.ResourceHttpRequestHandler]
2018-08-10 10:26:30 INFO org.springframework.web.servlet.handler.AbstractUrlHandlerMapping:373 - Mapped URL path [/**] onto handler of type [class org.springframework.web.servlet.resource.ResourceHttpRequestHandler]
2018-08-10 10:26:30 INFO org.springframework.web.servlet.handler.AbstractUrlHandlerMapping:373 - Mapped URL path [/templates/**] onto handler of type [class org.springframework.web.servlet.resource.ResourceHttpRequestHandler]
2018-08-10 10:26:30 INFO org.springframework.web.servlet.handler.AbstractUrlHandlerMapping:373 - Mapped URL path [/static/**] onto handler of type [class org.springframework.web.servlet.resource.ResourceHttpRequestHandler]
2018-08-10 10:26:30 INFO org.springframework.web.servlet.mvc.method.annotation.ExceptionHandlerExceptionResolver:288 - Detected @ExceptionHandler methods in myRestControllerAdvice
2018-08-10 10:26:30 INFO org.springframework.jmx.export.MBeanExporter:433 - Registering beans for JMX exposure on startup
2018-08-10 10:26:30 INFO org.springframework.jmx.export.MBeanExporter:895 - Bean with name 'dataSource' has been autodetected for JMX exposure
2018-08-10 10:26:30 INFO org.springframework.jmx.export.MBeanExporter:668 - Located MBean 'dataSource': registering with JMX server as MBean [com.alibaba.druid.pool:name=dataSource,type=DruidDataSource]
2018-08-10 10:26:30 INFO org.springframework.boot.web.embedded.tomcat.TomcatWebServer:206 - Tomcat started on port(s): 443 (https) 80 (http) with context path ''
2018-08-10 10:26:33 INFO org.springframework.web.servlet.FrameworkServlet:494 - FrameworkServlet 'dispatcherServlet': initialization started
2018-08-10 10:26:33 INFO org.springframework.web.servlet.FrameworkServlet:509 - FrameworkServlet 'dispatcherServlet': initialization completed in 19 ms
2018-08-10 10:29:08 INFO org.springframework.context.support.AbstractApplicationContext:590 - Refreshing org.springframework.boot.web.servlet.context.AnnotationConfigServletWebServerApplicationContext@23348b5d: startup date [Fri Aug 10 10:29:08 CST 2018]; root of context hierarchy
2018-08-10 10:29:09 INFO org.springframework.boot.web.embedded.tomcat.TomcatWebServer:91 - Tomcat initialized with port(s): 443 (https) 80 (http)
2018-08-10 10:29:10 INFO org.springframework.boot.web.servlet.context.ServletWebServerApplicationContext:285 - Root WebApplicationContext: initialization completed in 1921 ms
2018-08-10 10:29:10 INFO org.springframework.boot.web.servlet.ServletRegistrationBean:187 - Servlet dispatcherServlet mapped to [/]
2018-08-10 10:29:10 INFO org.springframework.boot.web.servlet.AbstractFilterRegistrationBean:245 - Mapping filter: 'characterEncodingFilter' to: [/*]
2018-08-10 10:29:10 INFO org.springframework.boot.web.servlet.AbstractFilterRegistrationBean:245 - Mapping filter: 'hiddenHttpMethodFilter' to: [/*]
2018-08-10 10:29:10 INFO org.springframework.boot.web.servlet.AbstractFilterRegistrationBean:245 - Mapping filter: 'httpPutFormContentFilter' to: [/*]
2018-08-10 10:29:10 INFO org.springframework.boot.web.servlet.AbstractFilterRegistrationBean:245 - Mapping filter: 'requestContextFilter' to: [/*]
2018-08-10 10:29:10 INFO org.springframework.boot.web.servlet.AbstractFilterRegistrationBean:245 - Mapping filter: 'resourceUrlEncodingFilter' to: [/*]
2018-08-10 10:29:10 INFO org.springframework.web.servlet.handler.AbstractUrlHandlerMapping:373 - Mapped URL path [/**/favicon.ico] onto handler of type [class org.springframework.web.servlet.resource.ResourceHttpRequestHandler]
2018-08-10 10:29:10 INFO org.springframework.web.servlet.mvc.method.annotation.RequestMappingHandlerAdapter:574 - Looking for @ControllerAdvice: org.springframework.boot.web.servlet.context.AnnotationConfigServletWebServerApplicationContext@23348b5d: startup date [Fri Aug 10 10:29:08 CST 2018]; root of context hierarchy
2018-08-10 10:29:10 INFO org.springframework.web.servlet.handler.AbstractHandlerMethodMapping$MappingRegistry:547 - Mapped "{[/]}" onto public org.springframework.web.servlet.ModelAndView net.weizhiyin.base.controller.LoginController.login()
2018-08-10 10:29:10 INFO org.springframework.web.servlet.handler.AbstractHandlerMethodMapping$MappingRegistry:547 - Mapped "{[/sysfile/getFile]}" onto public void net.weizhiyin.base.controller.SysfileController.filePath(net.weizhiyin.base.entity.Sysfile,javax.servlet.http.HttpServletRequest,javax.servlet.http.HttpServletResponse,java.lang.Boolean) throws java.io.IOException
2018-08-10 10:29:10 INFO org.springframework.web.servlet.handler.AbstractHandlerMethodMapping$MappingRegistry:547 - Mapped "{[/sysfile/upload]}" onto public net.weizhiyin.base.entity.Sysfile net.weizhiyin.base.controller.SysfileController.upload(org.springframework.web.multipart.MultipartFile) throws java.io.IOException
2018-08-10 10:29:10 INFO org.springframework.web.servlet.handler.AbstractHandlerMethodMapping$MappingRegistry:547 - Mapped "{[/sysfile/downloadFile]}" onto public void net.weizhiyin.base.controller.SysfileController.downloadFile(java.lang.String,java.lang.String,javax.servlet.http.HttpServletRequest,javax.servlet.http.HttpServletResponse) throws java.io.IOException
2018-08-10 10:29:10 INFO org.springframework.web.servlet.handler.AbstractHandlerMethodMapping$MappingRegistry:547 - Mapped "{[/error]}" onto public org.springframework.http.ResponseEntity<java.util.Map<java.lang.String, java.lang.Object>> org.springframework.boot.autoconfigure.web.servlet.error.BasicErrorController.error(javax.servlet.http.HttpServletRequest)
2018-08-10 10:29:10 INFO org.springframework.web.servlet.handler.AbstractHandlerMethodMapping$MappingRegistry:547 - Mapped "{[/error],produces=[text/html]}" onto public org.springframework.web.servlet.ModelAndView org.springframework.boot.autoconfigure.web.servlet.error.BasicErrorController.errorHtml(javax.servlet.http.HttpServletRequest,javax.servlet.http.HttpServletResponse)
2018-08-10 10:29:11 INFO org.springframework.web.servlet.handler.AbstractUrlHandlerMapping:373 - Mapped URL path [/webjars/**] onto handler of type [class org.springframework.web.servlet.resource.ResourceHttpRequestHandler]
2018-08-10 10:29:11 INFO org.springframework.web.servlet.handler.AbstractUrlHandlerMapping:373 - Mapped URL path [/**] onto handler of type [class org.springframework.web.servlet.resource.ResourceHttpRequestHandler]
2018-08-10 10:29:11 INFO org.springframework.web.servlet.handler.AbstractUrlHandlerMapping:373 - Mapped URL path [/templates/**] onto handler of type [class org.springframework.web.servlet.resource.ResourceHttpRequestHandler]
2018-08-10 10:29:11 INFO org.springframework.web.servlet.handler.AbstractUrlHandlerMapping:373 - Mapped URL path [/static/**] onto handler of type [class org.springframework.web.servlet.resource.ResourceHttpRequestHandler]
2018-08-10 10:29:11 INFO org.springframework.web.servlet.mvc.method.annotation.ExceptionHandlerExceptionResolver:288 - Detected @ExceptionHandler methods in myRestControllerAdvice
2018-08-10 10:29:11 INFO org.springframework.jmx.export.MBeanExporter:433 - Registering beans for JMX exposure on startup
2018-08-10 10:29:11 INFO org.springframework.jmx.export.MBeanExporter:895 - Bean with name 'dataSource' has been autodetected for JMX exposure
2018-08-10 10:29:11 INFO org.springframework.jmx.export.MBeanExporter:668 - Located MBean 'dataSource': registering with JMX server as MBean [com.alibaba.druid.pool:name=dataSource,type=DruidDataSource]
2018-08-10 10:29:11 INFO org.springframework.boot.web.embedded.tomcat.TomcatWebServer:206 - Tomcat started on port(s): 443 (https) 80 (http) with context path ''
2018-08-10 10:29:55 INFO org.springframework.web.servlet.FrameworkServlet:494 - FrameworkServlet 'dispatcherServlet': initialization started
2018-08-10 10:29:55 INFO org.springframework.web.servlet.FrameworkServlet:509 - FrameworkServlet 'dispatcherServlet': initialization completed in 18 ms
2018-08-10 10:33:07 INFO org.springframework.context.support.AbstractApplicationContext:590 - Refreshing org.springframework.boot.web.servlet.context.AnnotationConfigServletWebServerApplicationContext@b3ca52e: startup date [Fri Aug 10 10:33:07 CST 2018]; root of context hierarchy
2018-08-10 10:33:09 INFO org.springframework.boot.web.embedded.tomcat.TomcatWebServer:91 - Tomcat initialized with port(s): 443 (https) 80 (http)
2018-08-10 10:33:09 INFO org.springframework.boot.web.servlet.context.ServletWebServerApplicationContext:285 - Root WebApplicationContext: initialization completed in 1598 ms
2018-08-10 10:33:09 INFO org.springframework.boot.web.servlet.ServletRegistrationBean:187 - Servlet dispatcherServlet mapped to [/]
2018-08-10 10:33:09 INFO org.springframework.boot.web.servlet.AbstractFilterRegistrationBean:245 - Mapping filter: 'characterEncodingFilter' to: [/*]
2018-08-10 10:33:09 INFO org.springframework.boot.web.servlet.AbstractFilterRegistrationBean:245 - Mapping filter: 'hiddenHttpMethodFilter' to: [/*]
2018-08-10 10:33:09 INFO org.springframework.boot.web.servlet.AbstractFilterRegistrationBean:245 - Mapping filter: 'httpPutFormContentFilter' to: [/*]
2018-08-10 10:33:09 INFO org.springframework.boot.web.servlet.AbstractFilterRegistrationBean:245 - Mapping filter: 'requestContextFilter' to: [/*]
2018-08-10 10:33:09 INFO org.springframework.boot.web.servlet.AbstractFilterRegistrationBean:245 - Mapping filter: 'resourceUrlEncodingFilter' to: [/*]
2018-08-10 10:33:09 INFO org.springframework.web.servlet.handler.AbstractUrlHandlerMapping:373 - Mapped URL path [/**/favicon.ico] onto handler of type [class org.springframework.web.servlet.resource.ResourceHttpRequestHandler]
2018-08-10 10:33:10 INFO org.springframework.web.servlet.mvc.method.annotation.RequestMappingHandlerAdapter:574 - Looking for @ControllerAdvice: org.springframework.boot.web.servlet.context.AnnotationConfigServletWebServerApplicationContext@b3ca52e: startup date [Fri Aug 10 10:33:07 CST 2018]; root of context hierarchy
2018-08-10 10:33:10 INFO org.springframework.web.servlet.handler.AbstractHandlerMethodMapping$MappingRegistry:547 - Mapped "{[/]}" onto public org.springframework.web.servlet.ModelAndView net.weizhiyin.base.controller.LoginController.login()
2018-08-10 10:33:10 INFO org.springframework.web.servlet.handler.AbstractHandlerMethodMapping$MappingRegistry:547 - Mapped "{[/sysfile/getFile]}" onto public void net.weizhiyin.base.controller.SysfileController.filePath(net.weizhiyin.base.entity.Sysfile,javax.servlet.http.HttpServletRequest,javax.servlet.http.HttpServletResponse,java.lang.Boolean) throws java.io.IOException
2018-08-10 10:33:10 INFO org.springframework.web.servlet.handler.AbstractHandlerMethodMapping$MappingRegistry:547 - Mapped "{[/sysfile/upload]}" onto public net.weizhiyin.base.entity.Sysfile net.weizhiyin.base.controller.SysfileController.upload(org.springframework.web.multipart.MultipartFile) throws java.io.IOException
2018-08-10 10:33:10 INFO org.springframework.web.servlet.handler.AbstractHandlerMethodMapping$MappingRegistry:547 - Mapped "{[/sysfile/downloadFile]}" onto public void net.weizhiyin.base.controller.SysfileController.downloadFile(java.lang.String,java.lang.String,javax.servlet.http.HttpServletRequest,javax.servlet.http.HttpServletResponse) throws java.io.IOException
2018-08-10 10:33:10 INFO org.springframework.web.servlet.handler.AbstractHandlerMethodMapping$MappingRegistry:547 - Mapped "{[/error]}" onto public org.springframework.http.ResponseEntity<java.util.Map<java.lang.String, java.lang.Object>> org.springframework.boot.autoconfigure.web.servlet.error.BasicErrorController.error(javax.servlet.http.HttpServletRequest)
2018-08-10 10:33:10 INFO org.springframework.web.servlet.handler.AbstractHandlerMethodMapping$MappingRegistry:547 - Mapped "{[/error],produces=[text/html]}" onto public org.springframework.web.servlet.ModelAndView org.springframework.boot.autoconfigure.web.servlet.error.BasicErrorController.errorHtml(javax.servlet.http.HttpServletRequest,javax.servlet.http.HttpServletResponse)
2018-08-10 10:33:10 INFO org.springframework.web.servlet.handler.AbstractUrlHandlerMapping:373 - Mapped URL path [/webjars/**] onto handler of type [class org.springframework.web.servlet.resource.ResourceHttpRequestHandler]
2018-08-10 10:33:10 INFO org.springframework.web.servlet.handler.AbstractUrlHandlerMapping:373 - Mapped URL path [/**] onto handler of type [class org.springframework.web.servlet.resource.ResourceHttpRequestHandler]
2018-08-10 10:33:10 INFO org.springframework.web.servlet.handler.AbstractUrlHandlerMapping:373 - Mapped URL path [/templates/**] onto handler of type [class org.springframework.web.servlet.resource.ResourceHttpRequestHandler]
2018-08-10 10:33:10 INFO org.springframework.web.servlet.handler.AbstractUrlHandlerMapping:373 - Mapped URL path [/static/**] onto handler of type [class org.springframework.web.servlet.resource.ResourceHttpRequestHandler]
2018-08-10 10:33:10 INFO org.springframework.web.servlet.mvc.method.annotation.ExceptionHandlerExceptionResolver:288 - Detected @ExceptionHandler methods in myRestControllerAdvice
2018-08-10 10:33:10 INFO org.springframework.jmx.export.MBeanExporter:433 - Registering beans for JMX exposure on startup
2018-08-10 10:33:10 INFO org.springframework.jmx.export.MBeanExporter:895 - Bean with name 'dataSource' has been autodetected for JMX exposure
2018-08-10 10:33:10 INFO org.springframework.jmx.export.MBeanExporter:668 - Located MBean 'dataSource': registering with JMX server as MBean [com.alibaba.druid.pool:name=dataSource,type=DruidDataSource]
2018-08-10 10:33:10 INFO org.springframework.boot.web.embedded.tomcat.TomcatWebServer:206 - Tomcat started on port(s): 443 (https) 80 (http) with context path ''
2018-08-10 10:33:55 INFO org.springframework.web.servlet.FrameworkServlet:494 - FrameworkServlet 'dispatcherServlet': initialization started
2018-08-10 10:33:55 INFO org.springframework.web.servlet.FrameworkServlet:509 - FrameworkServlet 'dispatcherServlet': initialization completed in 18 ms
