2018-08-14 13:39:01 INFO org.springframework.context.support.AbstractApplicationContext:590 - Refreshing org.springframework.boot.web.servlet.context.AnnotationConfigServletWebServerApplicationContext@13b6aecc: startup date [Tue Aug 14 13:39:01 CST 2018]; root of context hierarchy
2018-08-14 13:39:04 INFO org.springframework.boot.web.embedded.tomcat.TomcatWebServer:91 - Tomcat initialized with port(s): 443 (https) 80 (http)
2018-08-14 13:39:04 INFO org.springframework.boot.web.servlet.context.ServletWebServerApplicationContext:285 - Root WebApplicationContext: initialization completed in 2984 ms
2018-08-14 13:39:04 INFO org.springframework.boot.web.servlet.ServletRegistrationBean:187 - Servlet dispatcherServlet mapped to [/]
2018-08-14 13:39:04 INFO org.springframework.boot.web.servlet.AbstractFilterRegistrationBean:245 - Mapping filter: 'characterEncodingFilter' to: [/*]
2018-08-14 13:39:04 INFO org.springframework.boot.web.servlet.AbstractFilterRegistrationBean:245 - Mapping filter: 'hiddenHttpMethodFilter' to: [/*]
2018-08-14 13:39:04 INFO org.springframework.boot.web.servlet.AbstractFilterRegistrationBean:245 - Mapping filter: 'httpPutFormContentFilter' to: [/*]
2018-08-14 13:39:04 INFO org.springframework.boot.web.servlet.AbstractFilterRegistrationBean:245 - Mapping filter: 'requestContextFilter' to: [/*]
2018-08-14 13:39:04 INFO org.springframework.boot.web.servlet.AbstractFilterRegistrationBean:245 - Mapping filter: 'resourceUrlEncodingFilter' to: [/*]
2018-08-14 13:39:05 INFO org.springframework.web.servlet.handler.AbstractUrlHandlerMapping:373 - Mapped URL path [/**/favicon.ico] onto handler of type [class org.springframework.web.servlet.resource.ResourceHttpRequestHandler]
2018-08-14 13:39:05 INFO org.springframework.web.servlet.mvc.method.annotation.RequestMappingHandlerAdapter:574 - Looking for @ControllerAdvice: org.springframework.boot.web.servlet.context.AnnotationConfigServletWebServerApplicationContext@13b6aecc: startup date [Tue Aug 14 13:39:01 CST 2018]; root of context hierarchy
2018-08-14 13:39:06 INFO org.springframework.web.servlet.handler.AbstractHandlerMethodMapping$MappingRegistry:547 - Mapped "{[/]}" onto public org.springframework.web.servlet.ModelAndView net.weizhiyin.base.controller.LoginController.login()
2018-08-14 13:39:06 INFO org.springframework.web.servlet.handler.AbstractHandlerMethodMapping$MappingRegistry:547 - Mapped "{[/sysfile/getFile]}" onto public void net.weizhiyin.base.controller.SysfileController.filePath(net.weizhiyin.base.entity.Sysfile,javax.servlet.http.HttpServletRequest,javax.servlet.http.HttpServletResponse,java.lang.Boolean) throws java.io.IOException
2018-08-14 13:39:06 INFO org.springframework.web.servlet.handler.AbstractHandlerMethodMapping$MappingRegistry:547 - Mapped "{[/sysfile/upload]}" onto public net.weizhiyin.base.entity.Sysfile net.weizhiyin.base.controller.SysfileController.upload(org.springframework.web.multipart.MultipartFile) throws java.io.IOException
2018-08-14 13:39:06 INFO org.springframework.web.servlet.handler.AbstractHandlerMethodMapping$MappingRegistry:547 - Mapped "{[/sysfile/downloadFile]}" onto public void net.weizhiyin.base.controller.SysfileController.downloadFile(java.lang.String,java.lang.String,javax.servlet.http.HttpServletRequest,javax.servlet.http.HttpServletResponse) throws java.io.IOException
2018-08-14 13:39:06 INFO org.springframework.web.servlet.handler.AbstractHandlerMethodMapping$MappingRegistry:547 - Mapped "{[/error]}" onto public org.springframework.http.ResponseEntity<java.util.Map<java.lang.String, java.lang.Object>> org.springframework.boot.autoconfigure.web.servlet.error.BasicErrorController.error(javax.servlet.http.HttpServletRequest)
2018-08-14 13:39:06 INFO org.springframework.web.servlet.handler.AbstractHandlerMethodMapping$MappingRegistry:547 - Mapped "{[/error],produces=[text/html]}" onto public org.springframework.web.servlet.ModelAndView org.springframework.boot.autoconfigure.web.servlet.error.BasicErrorController.errorHtml(javax.servlet.http.HttpServletRequest,javax.servlet.http.HttpServletResponse)
2018-08-14 13:39:06 INFO org.springframework.web.servlet.handler.AbstractUrlHandlerMapping:373 - Mapped URL path [/webjars/**] onto handler of type [class org.springframework.web.servlet.resource.ResourceHttpRequestHandler]
2018-08-14 13:39:06 INFO org.springframework.web.servlet.handler.AbstractUrlHandlerMapping:373 - Mapped URL path [/**] onto handler of type [class org.springframework.web.servlet.resource.ResourceHttpRequestHandler]
2018-08-14 13:39:06 INFO org.springframework.web.servlet.handler.AbstractUrlHandlerMapping:373 - Mapped URL path [/templates/**] onto handler of type [class org.springframework.web.servlet.resource.ResourceHttpRequestHandler]
2018-08-14 13:39:06 INFO org.springframework.web.servlet.handler.AbstractUrlHandlerMapping:373 - Mapped URL path [/static/**] onto handler of type [class org.springframework.web.servlet.resource.ResourceHttpRequestHandler]
2018-08-14 13:39:06 INFO org.springframework.web.servlet.mvc.method.annotation.ExceptionHandlerExceptionResolver:288 - Detected @ExceptionHandler methods in myRestControllerAdvice
2018-08-14 13:39:06 INFO org.springframework.jmx.export.MBeanExporter:433 - Registering beans for JMX exposure on startup
2018-08-14 13:39:06 INFO org.springframework.jmx.export.MBeanExporter:895 - Bean with name 'dataSource' has been autodetected for JMX exposure
2018-08-14 13:39:06 INFO org.springframework.jmx.export.MBeanExporter:668 - Located MBean 'dataSource': registering with JMX server as MBean [com.alibaba.druid.pool:name=dataSource,type=DruidDataSource]
2018-08-14 13:39:06 INFO org.springframework.boot.web.embedded.tomcat.TomcatWebServer:206 - Tomcat started on port(s): 443 (https) 80 (http) with context path ''
2018-08-14 13:39:17 INFO org.springframework.web.servlet.FrameworkServlet:494 - FrameworkServlet 'dispatcherServlet': initialization started
2018-08-14 13:39:17 INFO org.springframework.web.servlet.FrameworkServlet:509 - FrameworkServlet 'dispatcherServlet': initialization completed in 16 ms
2018-08-14 13:46:32 INFO org.springframework.context.support.AbstractApplicationContext:590 - Refreshing org.springframework.boot.web.servlet.context.AnnotationConfigServletWebServerApplicationContext@865dd6: startup date [Tue Aug 14 13:46:32 CST 2018]; root of context hierarchy
2018-08-14 13:46:34 INFO org.springframework.boot.web.embedded.tomcat.TomcatWebServer:91 - Tomcat initialized with port(s): 443 (https) 80 (http)
2018-08-14 13:46:34 INFO org.springframework.boot.web.servlet.context.ServletWebServerApplicationContext:285 - Root WebApplicationContext: initialization completed in 1928 ms
2018-08-14 13:46:34 INFO org.springframework.boot.web.servlet.ServletRegistrationBean:187 - Servlet dispatcherServlet mapped to [/]
2018-08-14 13:46:34 INFO org.springframework.boot.web.servlet.AbstractFilterRegistrationBean:245 - Mapping filter: 'characterEncodingFilter' to: [/*]
2018-08-14 13:46:34 INFO org.springframework.boot.web.servlet.AbstractFilterRegistrationBean:245 - Mapping filter: 'hiddenHttpMethodFilter' to: [/*]
2018-08-14 13:46:34 INFO org.springframework.boot.web.servlet.AbstractFilterRegistrationBean:245 - Mapping filter: 'httpPutFormContentFilter' to: [/*]
2018-08-14 13:46:34 INFO org.springframework.boot.web.servlet.AbstractFilterRegistrationBean:245 - Mapping filter: 'requestContextFilter' to: [/*]
2018-08-14 13:46:34 INFO org.springframework.boot.web.servlet.AbstractFilterRegistrationBean:245 - Mapping filter: 'resourceUrlEncodingFilter' to: [/*]
2018-08-14 13:46:35 INFO org.springframework.web.servlet.handler.AbstractUrlHandlerMapping:373 - Mapped URL path [/**/favicon.ico] onto handler of type [class org.springframework.web.servlet.resource.ResourceHttpRequestHandler]
2018-08-14 13:46:35 INFO org.springframework.core.annotation.AnnotationUtils:1919 - Failed to introspect annotations on class org.activiti.spring.boot.SecurityAutoConfiguration$$EnhancerBySpringCGLIB$$5a135a92: java.lang.ArrayStoreException: sun.reflect.annotation.TypeNotPresentExceptionProxy
2018-08-14 13:46:35 INFO org.springframework.core.annotation.AnnotationUtils:1919 - Failed to introspect annotations on class org.activiti.spring.boot.SecurityAutoConfiguration$$EnhancerBySpringCGLIB$$5a135a92: java.lang.ArrayStoreException: sun.reflect.annotation.TypeNotPresentExceptionProxy
2018-08-14 13:46:35 INFO org.springframework.web.servlet.mvc.method.annotation.RequestMappingHandlerAdapter:574 - Looking for @ControllerAdvice: org.springframework.boot.web.servlet.context.AnnotationConfigServletWebServerApplicationContext@865dd6: startup date [Tue Aug 14 13:46:32 CST 2018]; root of context hierarchy
2018-08-14 13:46:35 INFO org.springframework.core.annotation.AnnotationUtils:1919 - Failed to introspect annotations on class org.activiti.spring.boot.SecurityAutoConfiguration$$EnhancerBySpringCGLIB$$5a135a92: java.lang.ArrayStoreException: sun.reflect.annotation.TypeNotPresentExceptionProxy
2018-08-14 13:46:35 INFO org.springframework.core.annotation.AnnotationUtils:1919 - Failed to introspect annotations on class org.activiti.spring.boot.SecurityAutoConfiguration$$EnhancerBySpringCGLIB$$5a135a92: java.lang.ArrayStoreException: sun.reflect.annotation.TypeNotPresentExceptionProxy
2018-08-14 13:46:35 INFO org.springframework.web.servlet.handler.AbstractHandlerMethodMapping$MappingRegistry:547 - Mapped "{[/]}" onto public org.springframework.web.servlet.ModelAndView net.weizhiyin.base.controller.LoginController.login()
2018-08-14 13:46:35 INFO org.springframework.web.servlet.handler.AbstractHandlerMethodMapping$MappingRegistry:547 - Mapped "{[/sysfile/getFile]}" onto public void net.weizhiyin.base.controller.SysfileController.filePath(net.weizhiyin.base.entity.Sysfile,javax.servlet.http.HttpServletRequest,javax.servlet.http.HttpServletResponse,java.lang.Boolean) throws java.io.IOException
2018-08-14 13:46:35 INFO org.springframework.web.servlet.handler.AbstractHandlerMethodMapping$MappingRegistry:547 - Mapped "{[/sysfile/downloadFile]}" onto public void net.weizhiyin.base.controller.SysfileController.downloadFile(java.lang.String,java.lang.String,javax.servlet.http.HttpServletRequest,javax.servlet.http.HttpServletResponse) throws java.io.IOException
2018-08-14 13:46:35 INFO org.springframework.web.servlet.handler.AbstractHandlerMethodMapping$MappingRegistry:547 - Mapped "{[/sysfile/upload]}" onto public net.weizhiyin.base.entity.Sysfile net.weizhiyin.base.controller.SysfileController.upload(org.springframework.web.multipart.MultipartFile) throws java.io.IOException
2018-08-14 13:46:35 INFO org.springframework.web.servlet.handler.AbstractHandlerMethodMapping$MappingRegistry:547 - Mapped "{[/error]}" onto public org.springframework.http.ResponseEntity<java.util.Map<java.lang.String, java.lang.Object>> org.springframework.boot.autoconfigure.web.servlet.error.BasicErrorController.error(javax.servlet.http.HttpServletRequest)
2018-08-14 13:46:35 INFO org.springframework.web.servlet.handler.AbstractHandlerMethodMapping$MappingRegistry:547 - Mapped "{[/error],produces=[text/html]}" onto public org.springframework.web.servlet.ModelAndView org.springframework.boot.autoconfigure.web.servlet.error.BasicErrorController.errorHtml(javax.servlet.http.HttpServletRequest,javax.servlet.http.HttpServletResponse)
2018-08-14 13:46:35 WARN org.springframework.context.support.AbstractApplicationContext:558 - Exception encountered during context initialization - cancelling refresh attempt: org.springframework.beans.factory.BeanCreationException: Error creating bean with name 'requestMappingHandlerMapping' defined in class path resource [org/springframework/boot/autoconfigure/web/servlet/WebMvcAutoConfiguration$EnableWebMvcConfiguration.class]: Invocation of init method failed; nested exception is java.lang.ArrayStoreException: sun.reflect.annotation.TypeNotPresentExceptionProxy
2018-08-14 13:46:35 INFO org.springframework.boot.autoconfigure.logging.ConditionEvaluationReportLoggingListener:101 - 

Error starting ApplicationContext. To display the conditions report re-run your application with 'debug' enabled.
2018-08-14 13:46:35 ERROR org.springframework.boot.SpringApplication:845 - Application run failed
org.springframework.beans.factory.BeanCreationException: Error creating bean with name 'requestMappingHandlerMapping' defined in class path resource [org/springframework/boot/autoconfigure/web/servlet/WebMvcAutoConfiguration$EnableWebMvcConfiguration.class]: Invocation of init method failed; nested exception is java.lang.ArrayStoreException: sun.reflect.annotation.TypeNotPresentExceptionProxy
	at org.springframework.beans.factory.support.AbstractAutowireCapableBeanFactory.initializeBean(AbstractAutowireCapableBeanFactory.java:1699)
	at org.springframework.beans.factory.support.AbstractAutowireCapableBeanFactory.doCreateBean(AbstractAutowireCapableBeanFactory.java:573)
	at org.springframework.beans.factory.support.AbstractAutowireCapableBeanFactory.createBean(AbstractAutowireCapableBeanFactory.java:495)
	at org.springframework.beans.factory.support.AbstractBeanFactory.lambda$doGetBean$0(AbstractBeanFactory.java:317)
	at org.springframework.beans.factory.support.DefaultSingletonBeanRegistry.getSingleton(DefaultSingletonBeanRegistry.java:222)
	at org.springframework.beans.factory.support.AbstractBeanFactory.doGetBean(AbstractBeanFactory.java:315)
	at org.springframework.beans.factory.support.AbstractBeanFactory.getBean(AbstractBeanFactory.java:199)
	at org.springframework.beans.factory.support.DefaultListableBeanFactory.preInstantiateSingletons(DefaultListableBeanFactory.java:759)
	at org.springframework.context.support.AbstractApplicationContext.finishBeanFactoryInitialization(AbstractApplicationContext.java:869)
	at org.springframework.context.support.AbstractApplicationContext.refresh(AbstractApplicationContext.java:550)
	at org.springframework.boot.web.servlet.context.ServletWebServerApplicationContext.refresh(ServletWebServerApplicationContext.java:140)
	at org.springframework.boot.SpringApplication.refresh(SpringApplication.java:762)
	at org.springframework.boot.SpringApplication.refreshContext(SpringApplication.java:398)
	at org.springframework.boot.SpringApplication.run(SpringApplication.java:330)
	at org.springframework.boot.SpringApplication.run(SpringApplication.java:1258)
	at org.springframework.boot.SpringApplication.run(SpringApplication.java:1246)
	at net.weizhiyin.WeizhiyinApplication.main(WeizhiyinApplication.java:12)
Caused by: java.lang.ArrayStoreException: sun.reflect.annotation.TypeNotPresentExceptionProxy
	at sun.reflect.annotation.AnnotationParser.parseClassArray(AnnotationParser.java:724)
	at sun.reflect.annotation.AnnotationParser.parseArray(AnnotationParser.java:531)
	at sun.reflect.annotation.AnnotationParser.parseMemberValue(AnnotationParser.java:355)
	at sun.reflect.annotation.AnnotationParser.parseAnnotation2(AnnotationParser.java:286)
	at sun.reflect.annotation.AnnotationParser.parseAnnotations2(AnnotationParser.java:120)
	at sun.reflect.annotation.AnnotationParser.parseAnnotations(AnnotationParser.java:72)
	at java.lang.Class.createAnnotationData(Class.java:3521)
	at java.lang.Class.annotationData(Class.java:3510)
	at java.lang.Class.createAnnotationData(Class.java:3526)
	at java.lang.Class.annotationData(Class.java:3510)
	at java.lang.Class.getAnnotation(Class.java:3415)
	at java.lang.reflect.AnnotatedElement.isAnnotationPresent(AnnotatedElement.java:258)
	at java.lang.Class.isAnnotationPresent(Class.java:3425)
	at org.springframework.core.annotation.AnnotatedElementUtils.hasAnnotation(AnnotatedElementUtils.java:573)
	at org.springframework.web.servlet.mvc.method.annotation.RequestMappingHandlerMapping.isHandler(RequestMappingHandlerMapping.java:177)
	at org.springframework.web.servlet.handler.AbstractHandlerMethodMapping.initHandlerMethods(AbstractHandlerMethodMapping.java:217)
	at org.springframework.web.servlet.handler.AbstractHandlerMethodMapping.afterPropertiesSet(AbstractHandlerMethodMapping.java:188)
	at org.springframework.web.servlet.mvc.method.annotation.RequestMappingHandlerMapping.afterPropertiesSet(RequestMappingHandlerMapping.java:136)
	at org.springframework.beans.factory.support.AbstractAutowireCapableBeanFactory.invokeInitMethods(AbstractAutowireCapableBeanFactory.java:1758)
	at org.springframework.beans.factory.support.AbstractAutowireCapableBeanFactory.initializeBean(AbstractAutowireCapableBeanFactory.java:1695)
	... 16 common frames omitted
2018-08-14 14:44:39 INFO org.springframework.context.support.AbstractApplicationContext:590 - Refreshing org.springframework.boot.web.servlet.context.AnnotationConfigServletWebServerApplicationContext@1329eff: startup date [Tue Aug 14 14:44:39 CST 2018]; root of context hierarchy
2018-08-14 14:44:42 INFO org.springframework.boot.web.embedded.tomcat.TomcatWebServer:91 - Tomcat initialized with port(s): 443 (https) 80 (http)
2018-08-14 14:44:42 INFO org.springframework.boot.web.servlet.context.ServletWebServerApplicationContext:285 - Root WebApplicationContext: initialization completed in 2469 ms
2018-08-14 14:44:42 INFO org.springframework.boot.web.servlet.ServletRegistrationBean:187 - Servlet dispatcherServlet mapped to [/]
2018-08-14 14:44:42 INFO org.springframework.boot.web.servlet.AbstractFilterRegistrationBean:245 - Mapping filter: 'characterEncodingFilter' to: [/*]
2018-08-14 14:44:42 INFO org.springframework.boot.web.servlet.AbstractFilterRegistrationBean:245 - Mapping filter: 'hiddenHttpMethodFilter' to: [/*]
2018-08-14 14:44:42 INFO org.springframework.boot.web.servlet.AbstractFilterRegistrationBean:245 - Mapping filter: 'httpPutFormContentFilter' to: [/*]
2018-08-14 14:44:42 INFO org.springframework.boot.web.servlet.AbstractFilterRegistrationBean:245 - Mapping filter: 'requestContextFilter' to: [/*]
2018-08-14 14:44:42 INFO org.springframework.boot.web.servlet.AbstractFilterRegistrationBean:245 - Mapping filter: 'resourceUrlEncodingFilter' to: [/*]
2018-08-14 14:44:43 INFO org.springframework.web.servlet.handler.AbstractUrlHandlerMapping:373 - Mapped URL path [/**/favicon.ico] onto handler of type [class org.springframework.web.servlet.resource.ResourceHttpRequestHandler]
2018-08-14 14:44:43 INFO org.springframework.core.annotation.AnnotationUtils:1919 - Failed to introspect annotations on class org.activiti.spring.boot.SecurityAutoConfiguration$$EnhancerBySpringCGLIB$$b85dc57c: java.lang.ArrayStoreException: sun.reflect.annotation.TypeNotPresentExceptionProxy
2018-08-14 14:44:43 INFO org.springframework.core.annotation.AnnotationUtils:1919 - Failed to introspect annotations on class org.activiti.spring.boot.SecurityAutoConfiguration$$EnhancerBySpringCGLIB$$b85dc57c: java.lang.ArrayStoreException: sun.reflect.annotation.TypeNotPresentExceptionProxy
2018-08-14 14:44:43 INFO org.springframework.web.servlet.mvc.method.annotation.RequestMappingHandlerAdapter:574 - Looking for @ControllerAdvice: org.springframework.boot.web.servlet.context.AnnotationConfigServletWebServerApplicationContext@1329eff: startup date [Tue Aug 14 14:44:39 CST 2018]; root of context hierarchy
2018-08-14 14:44:43 INFO org.springframework.core.annotation.AnnotationUtils:1919 - Failed to introspect annotations on class org.activiti.spring.boot.SecurityAutoConfiguration$$EnhancerBySpringCGLIB$$b85dc57c: java.lang.ArrayStoreException: sun.reflect.annotation.TypeNotPresentExceptionProxy
2018-08-14 14:44:43 INFO org.springframework.core.annotation.AnnotationUtils:1919 - Failed to introspect annotations on class org.activiti.spring.boot.SecurityAutoConfiguration$$EnhancerBySpringCGLIB$$b85dc57c: java.lang.ArrayStoreException: sun.reflect.annotation.TypeNotPresentExceptionProxy
2018-08-14 14:44:43 INFO org.springframework.web.servlet.handler.AbstractHandlerMethodMapping$MappingRegistry:547 - Mapped "{[/]}" onto public org.springframework.web.servlet.ModelAndView net.weizhiyin.base.controller.LoginController.login()
2018-08-14 14:44:43 INFO org.springframework.web.servlet.handler.AbstractHandlerMethodMapping$MappingRegistry:547 - Mapped "{[/sysfile/getFile]}" onto public void net.weizhiyin.base.controller.SysfileController.filePath(net.weizhiyin.base.entity.Sysfile,javax.servlet.http.HttpServletRequest,javax.servlet.http.HttpServletResponse,java.lang.Boolean) throws java.io.IOException
2018-08-14 14:44:43 INFO org.springframework.web.servlet.handler.AbstractHandlerMethodMapping$MappingRegistry:547 - Mapped "{[/sysfile/downloadFile]}" onto public void net.weizhiyin.base.controller.SysfileController.downloadFile(java.lang.String,java.lang.String,javax.servlet.http.HttpServletRequest,javax.servlet.http.HttpServletResponse) throws java.io.IOException
2018-08-14 14:44:43 INFO org.springframework.web.servlet.handler.AbstractHandlerMethodMapping$MappingRegistry:547 - Mapped "{[/sysfile/upload]}" onto public net.weizhiyin.base.entity.Sysfile net.weizhiyin.base.controller.SysfileController.upload(org.springframework.web.multipart.MultipartFile) throws java.io.IOException
2018-08-14 14:44:43 INFO org.springframework.web.servlet.handler.AbstractHandlerMethodMapping$MappingRegistry:547 - Mapped "{[/error]}" onto public org.springframework.http.ResponseEntity<java.util.Map<java.lang.String, java.lang.Object>> org.springframework.boot.autoconfigure.web.servlet.error.BasicErrorController.error(javax.servlet.http.HttpServletRequest)
2018-08-14 14:44:43 INFO org.springframework.web.servlet.handler.AbstractHandlerMethodMapping$MappingRegistry:547 - Mapped "{[/error],produces=[text/html]}" onto public org.springframework.web.servlet.ModelAndView org.springframework.boot.autoconfigure.web.servlet.error.BasicErrorController.errorHtml(javax.servlet.http.HttpServletRequest,javax.servlet.http.HttpServletResponse)
2018-08-14 14:44:43 WARN org.springframework.context.support.AbstractApplicationContext:558 - Exception encountered during context initialization - cancelling refresh attempt: org.springframework.beans.factory.BeanCreationException: Error creating bean with name 'requestMappingHandlerMapping' defined in class path resource [org/springframework/boot/autoconfigure/web/servlet/WebMvcAutoConfiguration$EnableWebMvcConfiguration.class]: Invocation of init method failed; nested exception is java.lang.ArrayStoreException: sun.reflect.annotation.TypeNotPresentExceptionProxy
2018-08-14 14:44:43 INFO org.springframework.boot.autoconfigure.logging.ConditionEvaluationReportLoggingListener:101 - 

Error starting ApplicationContext. To display the conditions report re-run your application with 'debug' enabled.
2018-08-14 14:44:43 ERROR org.springframework.boot.SpringApplication:845 - Application run failed
org.springframework.beans.factory.BeanCreationException: Error creating bean with name 'requestMappingHandlerMapping' defined in class path resource [org/springframework/boot/autoconfigure/web/servlet/WebMvcAutoConfiguration$EnableWebMvcConfiguration.class]: Invocation of init method failed; nested exception is java.lang.ArrayStoreException: sun.reflect.annotation.TypeNotPresentExceptionProxy
	at org.springframework.beans.factory.support.AbstractAutowireCapableBeanFactory.initializeBean(AbstractAutowireCapableBeanFactory.java:1699)
	at org.springframework.beans.factory.support.AbstractAutowireCapableBeanFactory.doCreateBean(AbstractAutowireCapableBeanFactory.java:573)
	at org.springframework.beans.factory.support.AbstractAutowireCapableBeanFactory.createBean(AbstractAutowireCapableBeanFactory.java:495)
	at org.springframework.beans.factory.support.AbstractBeanFactory.lambda$doGetBean$0(AbstractBeanFactory.java:317)
	at org.springframework.beans.factory.support.DefaultSingletonBeanRegistry.getSingleton(DefaultSingletonBeanRegistry.java:222)
	at org.springframework.beans.factory.support.AbstractBeanFactory.doGetBean(AbstractBeanFactory.java:315)
	at org.springframework.beans.factory.support.AbstractBeanFactory.getBean(AbstractBeanFactory.java:199)
	at org.springframework.beans.factory.support.DefaultListableBeanFactory.preInstantiateSingletons(DefaultListableBeanFactory.java:759)
	at org.springframework.context.support.AbstractApplicationContext.finishBeanFactoryInitialization(AbstractApplicationContext.java:869)
	at org.springframework.context.support.AbstractApplicationContext.refresh(AbstractApplicationContext.java:550)
	at org.springframework.boot.web.servlet.context.ServletWebServerApplicationContext.refresh(ServletWebServerApplicationContext.java:140)
	at org.springframework.boot.SpringApplication.refresh(SpringApplication.java:762)
	at org.springframework.boot.SpringApplication.refreshContext(SpringApplication.java:398)
	at org.springframework.boot.SpringApplication.run(SpringApplication.java:330)
	at org.springframework.boot.SpringApplication.run(SpringApplication.java:1258)
	at org.springframework.boot.SpringApplication.run(SpringApplication.java:1246)
	at net.weizhiyin.WeizhiyinApplication.main(WeizhiyinApplication.java:12)
Caused by: java.lang.ArrayStoreException: sun.reflect.annotation.TypeNotPresentExceptionProxy
	at sun.reflect.annotation.AnnotationParser.parseClassArray(AnnotationParser.java:724)
	at sun.reflect.annotation.AnnotationParser.parseArray(AnnotationParser.java:531)
	at sun.reflect.annotation.AnnotationParser.parseMemberValue(AnnotationParser.java:355)
	at sun.reflect.annotation.AnnotationParser.parseAnnotation2(AnnotationParser.java:286)
	at sun.reflect.annotation.AnnotationParser.parseAnnotations2(AnnotationParser.java:120)
	at sun.reflect.annotation.AnnotationParser.parseAnnotations(AnnotationParser.java:72)
	at java.lang.Class.createAnnotationData(Class.java:3521)
	at java.lang.Class.annotationData(Class.java:3510)
	at java.lang.Class.createAnnotationData(Class.java:3526)
	at java.lang.Class.annotationData(Class.java:3510)
	at java.lang.Class.getAnnotation(Class.java:3415)
	at java.lang.reflect.AnnotatedElement.isAnnotationPresent(AnnotatedElement.java:258)
	at java.lang.Class.isAnnotationPresent(Class.java:3425)
	at org.springframework.core.annotation.AnnotatedElementUtils.hasAnnotation(AnnotatedElementUtils.java:573)
	at org.springframework.web.servlet.mvc.method.annotation.RequestMappingHandlerMapping.isHandler(RequestMappingHandlerMapping.java:177)
	at org.springframework.web.servlet.handler.AbstractHandlerMethodMapping.initHandlerMethods(AbstractHandlerMethodMapping.java:217)
	at org.springframework.web.servlet.handler.AbstractHandlerMethodMapping.afterPropertiesSet(AbstractHandlerMethodMapping.java:188)
	at org.springframework.web.servlet.mvc.method.annotation.RequestMappingHandlerMapping.afterPropertiesSet(RequestMappingHandlerMapping.java:136)
	at org.springframework.beans.factory.support.AbstractAutowireCapableBeanFactory.invokeInitMethods(AbstractAutowireCapableBeanFactory.java:1758)
	at org.springframework.beans.factory.support.AbstractAutowireCapableBeanFactory.initializeBean(AbstractAutowireCapableBeanFactory.java:1695)
	... 16 common frames omitted
